2016-09-06 12:12:25.932 [main] INFO  ProcessEngineConfigurationImpl - Found 1 auto-discoverable Process Engine Configurators
2016-09-06 12:12:25.935 [main] INFO  ProcessEngineConfigurationImpl - Found 1 Process Engine Configurators in total:
2016-09-06 12:12:25.935 [main] INFO  ProcessEngineConfigurationImpl - class org.activiti.management.jmx.JMXConfigurator (priority:10000)
2016-09-06 12:12:25.935 [main] INFO  ProcessEngineConfigurationImpl - Executing beforeInit() of class org.activiti.management.jmx.JMXConfigurator (priority:10000)
2016-09-06 12:12:26.847 [main] INFO  ProcessEngineConfigurationImpl - Executing configure() of class org.activiti.management.jmx.JMXConfigurator (priority:10000)
2016-09-06 12:12:26.931 [main] DEBUG Connection - ooo Using Connection [jdbc:mysql://localhost:3306/jeecg, UserName=root@localhost, MySQL Connector Java]
2016-09-06 12:12:26.935 [main] DEBUG Connection - ==>  Preparing: select VALUE_ from ACT_GE_PROPERTY where NAME_ = 'schema.version' 
2016-09-06 12:12:26.962 [main] DEBUG PreparedStatement - ==> Parameters: 
2016-09-06 12:12:26.963 [jmxConnectorStarterThread] INFO  DefaultManagementAgent - JMX Connector thread started and listening at: service:jmx:rmi:///jndi/rmi://zskangdeMacBook-Pro.local:1099/jmxrmi/activiti
2016-09-06 12:12:26.986 [main] INFO  ProcessEngineImpl - ProcessEngine default created
2016-09-06 12:13:28.146 [main] INFO  ProcessEngineConfigurationImpl - Found 1 auto-discoverable Process Engine Configurators
2016-09-06 12:13:28.149 [main] INFO  ProcessEngineConfigurationImpl - Found 1 Process Engine Configurators in total:
2016-09-06 12:13:28.149 [main] INFO  ProcessEngineConfigurationImpl - class org.activiti.management.jmx.JMXConfigurator (priority:10000)
2016-09-06 12:13:28.149 [main] INFO  ProcessEngineConfigurationImpl - Executing beforeInit() of class org.activiti.management.jmx.JMXConfigurator (priority:10000)
2016-09-06 12:13:29.144 [main] INFO  ProcessEngineConfigurationImpl - Executing configure() of class org.activiti.management.jmx.JMXConfigurator (priority:10000)
2016-09-06 12:13:29.227 [main] DEBUG Connection - ooo Using Connection [jdbc:mysql://localhost:3306/jeecg, UserName=root@localhost, MySQL Connector Java]
2016-09-06 12:13:29.231 [main] DEBUG Connection - ==>  Preparing: select VALUE_ from ACT_GE_PROPERTY where NAME_ = 'schema.version' 
2016-09-06 12:13:29.247 [jmxConnectorStarterThread] INFO  DefaultManagementAgent - JMX Connector thread started and listening at: service:jmx:rmi:///jndi/rmi://zskangdeMacBook-Pro.local:1099/jmxrmi/activiti
2016-09-06 12:13:29.257 [main] DEBUG PreparedStatement - ==> Parameters: 
2016-09-06 12:13:29.285 [main] INFO  ProcessEngineImpl - ProcessEngine default created
2016-09-06 12:13:56.245 [main] INFO  ProcessEngineConfigurationImpl - Found 1 auto-discoverable Process Engine Configurators
2016-09-06 12:13:56.248 [main] INFO  ProcessEngineConfigurationImpl - Found 1 Process Engine Configurators in total:
2016-09-06 12:13:56.248 [main] INFO  ProcessEngineConfigurationImpl - class org.activiti.management.jmx.JMXConfigurator (priority:10000)
2016-09-06 12:13:56.248 [main] INFO  ProcessEngineConfigurationImpl - Executing beforeInit() of class org.activiti.management.jmx.JMXConfigurator (priority:10000)
2016-09-06 12:13:57.133 [main] INFO  ProcessEngineConfigurationImpl - Executing configure() of class org.activiti.management.jmx.JMXConfigurator (priority:10000)
2016-09-06 12:13:57.202 [main] DEBUG Connection - ooo Using Connection [jdbc:mysql://localhost:3306/jeecg, UserName=root@localhost, MySQL Connector Java]
2016-09-06 12:13:57.205 [main] DEBUG Connection - ==>  Preparing: select VALUE_ from ACT_GE_PROPERTY where NAME_ = 'schema.version' 
2016-09-06 12:13:57.222 [jmxConnectorStarterThread] INFO  DefaultManagementAgent - JMX Connector thread started and listening at: service:jmx:rmi:///jndi/rmi://zskangdeMacBook-Pro.local:1099/jmxrmi/activiti
2016-09-06 12:13:57.228 [main] DEBUG PreparedStatement - ==> Parameters: 
2016-09-06 12:13:57.249 [main] INFO  ProcessEngineImpl - ProcessEngine default created
2016-09-06 12:14:58.815 [main] INFO  ProcessEngineConfigurationImpl - Found 1 auto-discoverable Process Engine Configurators
2016-09-06 12:14:58.818 [main] INFO  ProcessEngineConfigurationImpl - Found 1 Process Engine Configurators in total:
2016-09-06 12:14:58.818 [main] INFO  ProcessEngineConfigurationImpl - class org.activiti.management.jmx.JMXConfigurator (priority:10000)
2016-09-06 12:14:58.818 [main] INFO  ProcessEngineConfigurationImpl - Executing beforeInit() of class org.activiti.management.jmx.JMXConfigurator (priority:10000)
2016-09-06 12:14:59.822 [main] INFO  ProcessEngineConfigurationImpl - Executing configure() of class org.activiti.management.jmx.JMXConfigurator (priority:10000)
2016-09-06 12:14:59.909 [main] DEBUG Connection - ooo Using Connection [jdbc:mysql://localhost:3306/jeecg, UserName=root@localhost, MySQL Connector Java]
2016-09-06 12:14:59.912 [main] DEBUG Connection - ==>  Preparing: select VALUE_ from ACT_GE_PROPERTY where NAME_ = 'schema.version' 
2016-09-06 12:14:59.922 [jmxConnectorStarterThread] INFO  DefaultManagementAgent - JMX Connector thread started and listening at: service:jmx:rmi:///jndi/rmi://zskangdeMacBook-Pro.local:1099/jmxrmi/activiti
2016-09-06 12:14:59.937 [main] DEBUG PreparedStatement - ==> Parameters: 
2016-09-06 12:14:59.958 [main] INFO  ProcessEngineImpl - ProcessEngine default created
2016-09-06 12:14:59.969 [main] DEBUG Connection - ooo Using Connection [jdbc:mysql://localhost:3306/jeecg, UserName=root@localhost, MySQL Connector Java]
2016-09-06 12:14:59.969 [main] DEBUG Connection - ==>  Preparing: select * from ACT_GE_PROPERTY where NAME_ = ? 
2016-09-06 12:14:59.970 [main] DEBUG PreparedStatement - ==> Parameters: next.dbid(String)
2016-09-06 12:14:59.973 [main] DEBUG Connection - ooo Using Connection [jdbc:mysql://localhost:3306/jeecg, UserName=root@localhost, MySQL Connector Java]
2016-09-06 12:14:59.973 [main] DEBUG Connection - ==>  Preparing: update ACT_GE_PROPERTY SET REV_ = ?, VALUE_ = ? where NAME_ = ? and REV_ = ? 
2016-09-06 12:14:59.973 [main] DEBUG PreparedStatement - ==> Parameters: 3(Integer), 5001(String), next.dbid(String), 2(Integer)
2016-09-06 12:14:59.977 [main] INFO  BpmnDeployer - Processing resource TestJBPM.bpmn
2016-09-06 12:15:00.989 [main] DEBUG Connection - ooo Using Connection [jdbc:mysql://localhost:3306/jeecg, UserName=root@localhost, MySQL Connector Java]
2016-09-06 12:15:00.989 [main] DEBUG Connection - ==>  Preparing: select * from ACT_RE_PROCDEF where KEY_ = ? and (TENANT_ID_ = '' or TENANT_ID_ is null) and VERSION_ = (select max(VERSION_) from ACT_RE_PROCDEF where KEY_ = ? and (TENANT_ID_ = '' or TENANT_ID_ is null)) 
2016-09-06 12:15:00.990 [main] DEBUG PreparedStatement - ==> Parameters: Interview(String), Interview(String)
2016-09-06 12:15:00.995 [main] DEBUG Connection - ooo Using Connection [jdbc:mysql://localhost:3306/jeecg, UserName=root@localhost, MySQL Connector Java]
2016-09-06 12:15:00.995 [main] DEBUG Connection - ==>  Preparing: select J.* from ACT_RU_JOB J inner join ACT_RE_PROCDEF P on J.PROC_DEF_ID_ = P.ID_ where J.HANDLER_TYPE_ = ? and P.KEY_ = ? and (P.TENANT_ID_ = '' or P.TENANT_ID_ is null) 
2016-09-06 12:15:00.996 [main] DEBUG PreparedStatement - ==> Parameters: timer-start-event(String), Interview(String)
2016-09-06 12:15:01.031 [main] DEBUG Connection - ooo Using Connection [jdbc:mysql://localhost:3306/jeecg, UserName=root@localhost, MySQL Connector Java]
2016-09-06 12:15:01.031 [main] DEBUG Connection - ==>  Preparing: select * from ACT_RU_EVENT_SUBSCR WHERE (EVENT_TYPE_ = ?) and PROC_DEF_ID_ = ? and EXECUTION_ID_ is null and PROC_INST_ID_ is null and (TENANT_ID_ = '' or TENANT_ID_ is null) 
2016-09-06 12:15:01.032 [main] DEBUG PreparedStatement - ==> Parameters: message(String), Interview:1:4(String)
2016-09-06 12:15:01.034 [main] DEBUG Connection - ooo Using Connection [jdbc:mysql://localhost:3306/jeecg, UserName=root@localhost, MySQL Connector Java]
2016-09-06 12:15:01.034 [main] DEBUG Connection - ==>  Preparing: select * from ACT_RU_EVENT_SUBSCR WHERE (EVENT_TYPE_ = ?) and PROC_DEF_ID_ = ? and EXECUTION_ID_ is null and PROC_INST_ID_ is null and (TENANT_ID_ = '' or TENANT_ID_ is null) 
2016-09-06 12:15:01.034 [main] DEBUG PreparedStatement - ==> Parameters: signal(String), Interview:1:4(String)
2016-09-06 12:15:01.037 [main] DEBUG Connection - ooo Using Connection [jdbc:mysql://localhost:3306/jeecg, UserName=root@localhost, MySQL Connector Java]
2016-09-06 12:15:01.037 [main] DEBUG Connection - ==>  Preparing: insert into ACT_RE_PROCDEF(ID_, REV_, CATEGORY_, NAME_, KEY_, VERSION_, DEPLOYMENT_ID_, RESOURCE_NAME_, DGRM_RESOURCE_NAME_, DESCRIPTION_, HAS_START_FORM_KEY_, HAS_GRAPHICAL_NOTATION_ , SUSPENSION_STATE_, TENANT_ID_) values (?, 1, ?, ?, ?, ?, ?, ?, ?, ?, ?, ?, ?, ?) 
2016-09-06 12:15:01.038 [main] DEBUG PreparedStatement - ==> Parameters: Interview:2:2504(String), http://www.activiti.org/test(String), 某公司2012年实习生招聘流程(String), Interview(String), 2(Integer), 2501(String), TestJBPM.bpmn(String), TestJBPM.Interview.png(String), null, false(Boolean), true(Boolean), 1(Integer), (String)
2016-09-06 12:15:01.039 [main] DEBUG Connection - ooo Using Connection [jdbc:mysql://localhost:3306/jeecg, UserName=root@localhost, MySQL Connector Java]
2016-09-06 12:15:01.040 [main] DEBUG Connection - ==>  Preparing: insert into ACT_RE_DEPLOYMENT(ID_, NAME_, CATEGORY_, TENANT_ID_, DEPLOY_TIME_) values(?, ?, ?, ?, ?) 
2016-09-06 12:15:01.045 [main] DEBUG PreparedStatement - ==> Parameters: 2501(String), null, null, (String), 2016-09-06 12:14:59.966(Timestamp)
2016-09-06 12:15:01.048 [main] DEBUG Connection - ooo Using Connection [jdbc:mysql://localhost:3306/jeecg, UserName=root@localhost, MySQL Connector Java]
2016-09-06 12:15:01.049 [main] DEBUG Connection - ==>  Preparing: INSERT INTO ACT_GE_BYTEARRAY(ID_, REV_, NAME_, BYTES_, DEPLOYMENT_ID_, GENERATED_) VALUES (?, 1, ?, ?, ?, ?) , (?, 1, ?, ?, ?, ?) 
2016-09-06 12:15:01.050 [main] DEBUG PreparedStatement - ==> Parameters: 2502(String), TestJBPM.bpmn(String), java.io.ByteArrayInputStream@7c5d1d25(ByteArrayInputStream), 2501(String), false(Boolean), 2503(String), TestJBPM.Interview.png(String), java.io.ByteArrayInputStream@550e9be6(ByteArrayInputStream), 2501(String), true(Boolean)
2016-09-06 12:15:01.054 [main] DEBUG Connection - ooo Using Connection [jdbc:mysql://localhost:3306/jeecg, UserName=root@localhost, MySQL Connector Java]
2016-09-06 12:15:01.054 [main] DEBUG Connection - ==>  Preparing: select * from ACT_RE_PROCDEF where KEY_ = ? and (TENANT_ID_ = '' or TENANT_ID_ is null) and VERSION_ = (select max(VERSION_) from ACT_RE_PROCDEF where KEY_ = ? and (TENANT_ID_ = '' or TENANT_ID_ is null)) 
2016-09-06 12:15:01.054 [main] DEBUG PreparedStatement - ==> Parameters: Interview(String), Interview(String)
2016-09-06 12:15:01.057 [main] DEBUG Connection - ooo Using Connection [jdbc:mysql://localhost:3306/jeecg, UserName=root@localhost, MySQL Connector Java]
2016-09-06 12:15:01.057 [main] DEBUG Connection - ==>  Preparing: select * from ACT_RE_PROCDEF where ID_ = ? 
2016-09-06 12:15:01.057 [main] DEBUG PreparedStatement - ==> Parameters: Interview:2:2504(String)
2016-09-06 12:15:01.068 [main] DEBUG Connection - ooo Using Connection [jdbc:mysql://localhost:3306/jeecg, UserName=root@localhost, MySQL Connector Java]
2016-09-06 12:15:01.068 [main] DEBUG Connection - ==>  Preparing: select * from ACT_RU_JOB J where J.EXECUTION_ID_ = ? 
2016-09-06 12:15:01.068 [main] DEBUG PreparedStatement - ==> Parameters: 2505(String)
2016-09-06 12:15:01.071 [main] DEBUG Connection - ooo Using Connection [jdbc:mysql://localhost:3306/jeecg, UserName=root@localhost, MySQL Connector Java]
2016-09-06 12:15:01.071 [main] DEBUG Connection - ==>  Preparing: select distinct T.* from ACT_RU_TASK T where T.EXECUTION_ID_ = ? 
2016-09-06 12:15:01.071 [main] DEBUG PreparedStatement - ==> Parameters: 2505(String)
2016-09-06 12:15:01.075 [main] DEBUG Connection - ooo Using Connection [jdbc:mysql://localhost:3306/jeecg, UserName=root@localhost, MySQL Connector Java]
2016-09-06 12:15:01.076 [main] DEBUG Connection - ==>  Preparing: insert into ACT_HI_TASKINST ( ID_, PROC_DEF_ID_, PROC_INST_ID_, EXECUTION_ID_, NAME_, PARENT_TASK_ID_, DESCRIPTION_, OWNER_, ASSIGNEE_, START_TIME_, CLAIM_TIME_, END_TIME_, DURATION_, DELETE_REASON_, TASK_DEF_KEY_, FORM_KEY_, PRIORITY_, DUE_DATE_, CATEGORY_, TENANT_ID_ ) values ( ?, ?, ?, ?, ?, ?, ?, ?, ?, ?, ?, ?, ?, ?, ?, ?, ?, ?, ?, ? ) 
2016-09-06 12:15:01.076 [main] DEBUG PreparedStatement - ==> Parameters: 2508(String), Interview:2:2504(String), 2505(String), 2505(String), 笔试(String), null, null, null, null, 2016-09-06 12:15:01.072(Timestamp), null, null, null, null, bishi(String), null, 50(Integer), null, null, (String)
2016-09-06 12:15:01.078 [main] DEBUG Connection - ooo Using Connection [jdbc:mysql://localhost:3306/jeecg, UserName=root@localhost, MySQL Connector Java]
2016-09-06 12:15:01.078 [main] DEBUG Connection - ==>  Preparing: insert into ACT_HI_PROCINST ( ID_, PROC_INST_ID_, BUSINESS_KEY_, PROC_DEF_ID_, START_TIME_, END_TIME_, DURATION_, START_USER_ID_, START_ACT_ID_, END_ACT_ID_, SUPER_PROCESS_INSTANCE_ID_, DELETE_REASON_, TENANT_ID_, NAME_ ) values ( ?, ?, ?, ?, ?, ?, ?, ?, ?, ?, ?, ?, ?, ? ) 
2016-09-06 12:15:01.080 [main] DEBUG PreparedStatement - ==> Parameters: 2505(String), 2505(String), null, Interview:2:2504(String), 2016-09-06 12:15:01.061(Timestamp), null, null, null, start(String), null, null, null, (String), null
2016-09-06 12:15:01.083 [main] DEBUG Connection - ooo Using Connection [jdbc:mysql://localhost:3306/jeecg, UserName=root@localhost, MySQL Connector Java]
2016-09-06 12:15:01.083 [main] DEBUG Connection - ==>  Preparing: insert into ACT_HI_ACTINST ( ID_, PROC_DEF_ID_, PROC_INST_ID_, EXECUTION_ID_, ACT_ID_, TASK_ID_, CALL_PROC_INST_ID_, ACT_NAME_, ACT_TYPE_, ASSIGNEE_, START_TIME_, END_TIME_, DURATION_, TENANT_ID_ ) values (?, ?, ?, ?, ?, ?, ?, ?, ?, ?, ?, ?, ?, ?) , (?, ?, ?, ?, ?, ?, ?, ?, ?, ?, ?, ?, ?, ?) 
2016-09-06 12:15:01.084 [main] DEBUG PreparedStatement - ==> Parameters: 2506(String), Interview:2:2504(String), 2505(String), 2505(String), start(String), null, null, 实习生招聘启动(String), startEvent(String), null, 2016-09-06 12:15:01.061(Timestamp), 2016-09-06 12:15:01.07(Timestamp), 9(Long), (String), 2507(String), Interview:2:2504(String), 2505(String), 2505(String), bishi(String), 2508(String), null, 笔试(String), userTask(String), null, 2016-09-06 12:15:01.07(Timestamp), null, null, (String)
2016-09-06 12:15:01.086 [main] DEBUG Connection - ooo Using Connection [jdbc:mysql://localhost:3306/jeecg, UserName=root@localhost, MySQL Connector Java]
2016-09-06 12:15:01.086 [main] DEBUG Connection - ==>  Preparing: insert into ACT_HI_IDENTITYLINK (ID_, TYPE_, USER_ID_, GROUP_ID_, TASK_ID_, PROC_INST_ID_) values (?, ?, ?, ?, ?, ?) 
2016-09-06 12:15:01.086 [main] DEBUG PreparedStatement - ==> Parameters: 2509(String), candidate(String), null, 人力资源部(String), 2508(String), null
2016-09-06 12:15:01.088 [main] DEBUG Connection - ooo Using Connection [jdbc:mysql://localhost:3306/jeecg, UserName=root@localhost, MySQL Connector Java]
2016-09-06 12:15:01.088 [main] DEBUG Connection - ==>  Preparing: insert into ACT_RU_EXECUTION (ID_, REV_, PROC_INST_ID_, BUSINESS_KEY_, PROC_DEF_ID_, ACT_ID_, IS_ACTIVE_, IS_CONCURRENT_, IS_SCOPE_,IS_EVENT_SCOPE_, PARENT_ID_, SUPER_EXEC_, SUSPENSION_STATE_, CACHED_ENT_STATE_, TENANT_ID_, NAME_) values ( ?, 1, ?, ?, ?, ?, ?, ?, ?, ?, ?, ?, ?, ?, ?, ? ) 
2016-09-06 12:15:01.089 [main] DEBUG PreparedStatement - ==> Parameters: 2505(String), 2505(String), null, Interview:2:2504(String), bishi(String), true(Boolean), false(Boolean), true(Boolean), false(Boolean), null, null, 1(Integer), 2(Integer), (String), null
2016-09-06 12:15:01.091 [main] DEBUG Connection - ooo Using Connection [jdbc:mysql://localhost:3306/jeecg, UserName=root@localhost, MySQL Connector Java]
2016-09-06 12:15:01.091 [main] DEBUG Connection - ==>  Preparing: insert into ACT_RU_TASK (ID_, REV_, NAME_, PARENT_TASK_ID_, DESCRIPTION_, PRIORITY_, CREATE_TIME_, OWNER_, ASSIGNEE_, DELEGATION_, EXECUTION_ID_, PROC_INST_ID_, PROC_DEF_ID_, TASK_DEF_KEY_, DUE_DATE_, CATEGORY_, SUSPENSION_STATE_, TENANT_ID_, FORM_KEY_) values (?, 1, ?, ?, ?, ?, ?, ?, ?, ?, ?, ?, ?, ?, ?, ?, ?, ?, ? ) 
2016-09-06 12:15:01.092 [main] DEBUG PreparedStatement - ==> Parameters: 2508(String), 笔试(String), null, null, 50(Integer), 2016-09-06 12:15:01.07(Timestamp), null, null, null, 2505(String), 2505(String), Interview:2:2504(String), bishi(String), null, null, 1(Integer), (String), null
2016-09-06 12:15:01.093 [main] DEBUG Connection - ooo Using Connection [jdbc:mysql://localhost:3306/jeecg, UserName=root@localhost, MySQL Connector Java]
2016-09-06 12:15:01.093 [main] DEBUG Connection - ==>  Preparing: insert into ACT_RU_IDENTITYLINK (ID_, REV_, TYPE_, USER_ID_, GROUP_ID_, TASK_ID_, PROC_INST_ID_, PROC_DEF_ID_) values (?, 1, ?, ?, ?, ?, ?, ?) 
2016-09-06 12:15:01.094 [main] DEBUG PreparedStatement - ==> Parameters: 2509(String), candidate(String), null, 人力资源部(String), 2508(String), null, null
2016-09-06 12:15:01.125 [main] DEBUG Connection - ooo Using Connection [jdbc:mysql://localhost:3306/jeecg, UserName=root@localhost, MySQL Connector Java]
2016-09-06 12:15:01.125 [main] DEBUG Connection - ==>  Preparing: select distinct RES.* from ACT_RU_TASK RES inner join ACT_RU_IDENTITYLINK I on I.TASK_ID_ = RES.ID_ WHERE RES.ASSIGNEE_ is null and I.TYPE_ = 'candidate' and ( I.GROUP_ID_ IN ( ? ) ) order by RES.ID_ asc LIMIT ? OFFSET ? 
2016-09-06 12:15:01.126 [main] DEBUG PreparedStatement - ==> Parameters: 人力资源部(String), 2147483647(Integer), 0(Integer)
2016-09-06 12:15:01.130 [main] DEBUG Connection - ooo Using Connection [jdbc:mysql://localhost:3306/jeecg, UserName=root@localhost, MySQL Connector Java]
2016-09-06 12:15:01.130 [main] DEBUG Connection - ==>  Preparing: select * from ACT_RU_TASK where ID_ = ? 
2016-09-06 12:15:01.130 [main] DEBUG PreparedStatement - ==> Parameters: 2508(String)
2016-09-06 12:15:01.133 [main] DEBUG Connection - ooo Using Connection [jdbc:mysql://localhost:3306/jeecg, UserName=root@localhost, MySQL Connector Java]
2016-09-06 12:15:01.133 [main] DEBUG Connection - ==>  Preparing: select * from ACT_HI_TASKINST where ID_ = ? 
2016-09-06 12:15:01.133 [main] DEBUG PreparedStatement - ==> Parameters: 2508(String)
2016-09-06 12:15:01.135 [main] DEBUG Connection - ooo Using Connection [jdbc:mysql://localhost:3306/jeecg, UserName=root@localhost, MySQL Connector Java]
2016-09-06 12:15:01.135 [main] DEBUG Connection - ==>  Preparing: select * from ACT_RU_EXECUTION where ID_ = ? 
2016-09-06 12:15:01.135 [main] DEBUG PreparedStatement - ==> Parameters: 2505(String)
2016-09-06 12:15:01.137 [main] DEBUG Connection - ooo Using Connection [jdbc:mysql://localhost:3306/jeecg, UserName=root@localhost, MySQL Connector Java]
2016-09-06 12:15:01.137 [main] DEBUG Connection - ==>  Preparing: select * from ACT_RU_IDENTITYLINK where PROC_INST_ID_ = ? 
2016-09-06 12:15:01.137 [main] DEBUG PreparedStatement - ==> Parameters: 2505(String)
2016-09-06 12:15:01.141 [main] DEBUG Connection - ooo Using Connection [jdbc:mysql://localhost:3306/jeecg, UserName=root@localhost, MySQL Connector Java]
2016-09-06 12:15:01.141 [main] DEBUG Connection - ==>  Preparing: select RES.* from ACT_HI_ACTINST RES WHERE RES.EXECUTION_ID_ = ? and RES.ACT_ID_ = ? and RES.END_TIME_ is null order by RES.ID_ asc LIMIT ? OFFSET ? 
2016-09-06 12:15:01.141 [main] DEBUG PreparedStatement - ==> Parameters: 2505(String), bishi(String), 1(Integer), 0(Integer)
2016-09-06 12:15:01.145 [main] DEBUG Connection - ooo Using Connection [jdbc:mysql://localhost:3306/jeecg, UserName=root@localhost, MySQL Connector Java]
2016-09-06 12:15:01.145 [main] DEBUG Connection - ==>  Preparing: insert into ACT_HI_IDENTITYLINK (ID_, TYPE_, USER_ID_, GROUP_ID_, TASK_ID_, PROC_INST_ID_) values (?, ?, ?, ?, ?, ?) 
2016-09-06 12:15:01.145 [main] DEBUG PreparedStatement - ==> Parameters: 2510(String), participant(String), 张三(String), null, null, 2505(String)
2016-09-06 12:15:01.146 [main] DEBUG Connection - ooo Using Connection [jdbc:mysql://localhost:3306/jeecg, UserName=root@localhost, MySQL Connector Java]
2016-09-06 12:15:01.147 [main] DEBUG Connection - ==>  Preparing: insert into ACT_RU_IDENTITYLINK (ID_, REV_, TYPE_, USER_ID_, GROUP_ID_, TASK_ID_, PROC_INST_ID_, PROC_DEF_ID_) values (?, 1, ?, ?, ?, ?, ?, ?) 
2016-09-06 12:15:01.147 [main] DEBUG PreparedStatement - ==> Parameters: 2510(String), participant(String), 张三(String), null, null, 2505(String), null
2016-09-06 12:15:01.148 [main] DEBUG Connection - ooo Using Connection [jdbc:mysql://localhost:3306/jeecg, UserName=root@localhost, MySQL Connector Java]
2016-09-06 12:15:01.148 [main] DEBUG Connection - ==>  Preparing: update ACT_HI_ACTINST set EXECUTION_ID_ = ?, ASSIGNEE_ = ?, END_TIME_ = ?, DURATION_ = ? where ID_ = ? 
2016-09-06 12:15:01.148 [main] DEBUG PreparedStatement - ==> Parameters: 2505(String), 张三(String), null, null, 2507(String)
2016-09-06 12:15:01.150 [main] DEBUG Connection - ooo Using Connection [jdbc:mysql://localhost:3306/jeecg, UserName=root@localhost, MySQL Connector Java]
2016-09-06 12:15:01.150 [main] DEBUG Connection - ==>  Preparing: update ACT_RU_TASK SET REV_ = ?, NAME_ = ?, PARENT_TASK_ID_ = ?, PRIORITY_ = ?, CREATE_TIME_ = ?, OWNER_ = ?, ASSIGNEE_ = ?, DELEGATION_ = ?, EXECUTION_ID_ = ?, PROC_DEF_ID_ = ?, DESCRIPTION_ = ?, DUE_DATE_ = ?, CATEGORY_ = ?, SUSPENSION_STATE_ = ?, FORM_KEY_ = ? where ID_= ? and REV_ = ? 
2016-09-06 12:15:01.151 [main] DEBUG PreparedStatement - ==> Parameters: 2(Integer), ??(String), null, 50(Integer), 2016-09-06 12:15:01.0(Timestamp), null, 张三(String), null, 2505(String), Interview:2:2504(String), null, null, null, 1(Integer), null, 2508(String), 1(Integer)
2016-09-06 12:15:01.152 [main] DEBUG Connection - ooo Using Connection [jdbc:mysql://localhost:3306/jeecg, UserName=root@localhost, MySQL Connector Java]
2016-09-06 12:15:01.152 [main] DEBUG Connection - ==>  Preparing: update ACT_HI_TASKINST set EXECUTION_ID_ = ?, NAME_ = ?, PARENT_TASK_ID_ = ?, DESCRIPTION_ = ?, OWNER_ = ?, ASSIGNEE_ = ?, CLAIM_TIME_ = ?, END_TIME_ = ?, DURATION_ = ?, DELETE_REASON_ = ?, TASK_DEF_KEY_ = ?, FORM_KEY_ = ?, PRIORITY_ = ?, DUE_DATE_ = ?, CATEGORY_ = ? where ID_ = ? 
2016-09-06 12:15:01.153 [main] DEBUG PreparedStatement - ==> Parameters: 2505(String), ??(String), null, null, null, 张三(String), 2016-09-06 12:15:01.144(Timestamp), null, null, null, bishi(String), null, 50(Integer), null, null, 2508(String)
2016-09-06 12:15:01.156 [main] DEBUG Connection - ooo Using Connection [jdbc:mysql://localhost:3306/jeecg, UserName=root@localhost, MySQL Connector Java]
2016-09-06 12:15:01.156 [main] DEBUG Connection - ==>  Preparing: select count(distinct RES.ID_) from ACT_RU_TASK RES WHERE RES.ASSIGNEE_ = ? 
2016-09-06 12:15:01.156 [main] DEBUG PreparedStatement - ==> Parameters: 张三(String)
2016-09-06 12:15:01.158 [main] DEBUG Connection - ooo Using Connection [jdbc:mysql://localhost:3306/jeecg, UserName=root@localhost, MySQL Connector Java]
2016-09-06 12:15:01.158 [main] DEBUG Connection - ==>  Preparing: select distinct RES.* from ACT_RU_TASK RES WHERE RES.ASSIGNEE_ = ? order by RES.ID_ asc LIMIT ? OFFSET ? 
2016-09-06 12:15:01.158 [main] DEBUG PreparedStatement - ==> Parameters: 张三(String), 2147483647(Integer), 0(Integer)
2016-09-06 12:15:01.161 [main] DEBUG Connection - ooo Using Connection [jdbc:mysql://localhost:3306/jeecg, UserName=root@localhost, MySQL Connector Java]
2016-09-06 12:15:01.161 [main] DEBUG Connection - ==>  Preparing: select * from ACT_RU_TASK where ID_ = ? 
2016-09-06 12:15:01.161 [main] DEBUG PreparedStatement - ==> Parameters: 2508(String)
2016-09-06 12:15:01.163 [main] DEBUG Connection - ooo Using Connection [jdbc:mysql://localhost:3306/jeecg, UserName=root@localhost, MySQL Connector Java]
2016-09-06 12:15:01.163 [main] DEBUG Connection - ==>  Preparing: select * from ACT_RU_TASK where PARENT_TASK_ID_ = ? 
2016-09-06 12:15:01.163 [main] DEBUG PreparedStatement - ==> Parameters: 2508(String)
2016-09-06 12:15:01.164 [main] DEBUG Connection - ooo Using Connection [jdbc:mysql://localhost:3306/jeecg, UserName=root@localhost, MySQL Connector Java]
2016-09-06 12:15:01.164 [main] DEBUG Connection - ==>  Preparing: select * from ACT_RU_IDENTITYLINK where TASK_ID_ = ? 
2016-09-06 12:15:01.164 [main] DEBUG PreparedStatement - ==> Parameters: 2508(String)
2016-09-06 12:15:01.166 [main] DEBUG Connection - ooo Using Connection [jdbc:mysql://localhost:3306/jeecg, UserName=root@localhost, MySQL Connector Java]
2016-09-06 12:15:01.167 [main] DEBUG Connection - ==>  Preparing: select * from ACT_RU_VARIABLE where TASK_ID_ = ? 
2016-09-06 12:15:01.167 [main] DEBUG PreparedStatement - ==> Parameters: 2508(String)
2016-09-06 12:15:01.168 [main] DEBUG Connection - ooo Using Connection [jdbc:mysql://localhost:3306/jeecg, UserName=root@localhost, MySQL Connector Java]
2016-09-06 12:15:01.168 [main] DEBUG Connection - ==>  Preparing: select * from ACT_HI_TASKINST where ID_ = ? 
2016-09-06 12:15:01.168 [main] DEBUG PreparedStatement - ==> Parameters: 2508(String)
2016-09-06 12:15:01.170 [main] DEBUG Connection - ooo Using Connection [jdbc:mysql://localhost:3306/jeecg, UserName=root@localhost, MySQL Connector Java]
2016-09-06 12:15:01.170 [main] DEBUG Connection - ==>  Preparing: select * from ACT_RU_EXECUTION where ID_ = ? 
2016-09-06 12:15:01.170 [main] DEBUG PreparedStatement - ==> Parameters: 2505(String)
2016-09-06 12:15:01.172 [main] DEBUG Connection - ooo Using Connection [jdbc:mysql://localhost:3306/jeecg, UserName=root@localhost, MySQL Connector Java]
2016-09-06 12:15:01.172 [main] DEBUG Connection - ==>  Preparing: select distinct T.* from ACT_RU_TASK T where T.EXECUTION_ID_ = ? 
2016-09-06 12:15:01.172 [main] DEBUG PreparedStatement - ==> Parameters: 2505(String)
2016-09-06 12:15:01.174 [main] DEBUG Connection - ooo Using Connection [jdbc:mysql://localhost:3306/jeecg, UserName=root@localhost, MySQL Connector Java]
2016-09-06 12:15:01.174 [main] DEBUG Connection - ==>  Preparing: select RES.* from ACT_HI_ACTINST RES WHERE RES.EXECUTION_ID_ = ? and RES.ACT_ID_ = ? and RES.END_TIME_ is null order by RES.ID_ asc LIMIT ? OFFSET ? 
2016-09-06 12:15:01.174 [main] DEBUG PreparedStatement - ==> Parameters: 2505(String), bishi(String), 1(Integer), 0(Integer)
2016-09-06 12:15:01.176 [main] DEBUG Connection - ooo Using Connection [jdbc:mysql://localhost:3306/jeecg, UserName=root@localhost, MySQL Connector Java]
2016-09-06 12:15:01.176 [main] DEBUG Connection - ==>  Preparing: insert into ACT_HI_TASKINST ( ID_, PROC_DEF_ID_, PROC_INST_ID_, EXECUTION_ID_, NAME_, PARENT_TASK_ID_, DESCRIPTION_, OWNER_, ASSIGNEE_, START_TIME_, CLAIM_TIME_, END_TIME_, DURATION_, DELETE_REASON_, TASK_DEF_KEY_, FORM_KEY_, PRIORITY_, DUE_DATE_, CATEGORY_, TENANT_ID_ ) values ( ?, ?, ?, ?, ?, ?, ?, ?, ?, ?, ?, ?, ?, ?, ?, ?, ?, ?, ?, ? ) 
2016-09-06 12:15:01.177 [main] DEBUG PreparedStatement - ==> Parameters: 2512(String), Interview:2:2504(String), 2505(String), 2505(String), 技术一面(String), null, null, null, null, 2016-09-06 12:15:01.176(Timestamp), null, null, null, null, yimian(String), null, 50(Integer), null, null, (String)
2016-09-06 12:15:01.178 [main] DEBUG Connection - ooo Using Connection [jdbc:mysql://localhost:3306/jeecg, UserName=root@localhost, MySQL Connector Java]
2016-09-06 12:15:01.179 [main] DEBUG Connection - ==>  Preparing: insert into ACT_HI_ACTINST ( ID_, PROC_DEF_ID_, PROC_INST_ID_, EXECUTION_ID_, ACT_ID_, TASK_ID_, CALL_PROC_INST_ID_, ACT_NAME_, ACT_TYPE_, ASSIGNEE_, START_TIME_, END_TIME_, DURATION_, TENANT_ID_ ) values ( ?, ?, ?, ?, ?, ?, ?, ?, ?, ?, ?, ?, ?, ? ) 
2016-09-06 12:15:01.179 [main] DEBUG PreparedStatement - ==> Parameters: 2511(String), Interview:2:2504(String), 2505(String), 2505(String), yimian(String), 2512(String), null, 技术一面(String), userTask(String), null, 2016-09-06 12:15:01.175(Timestamp), null, null, (String)
2016-09-06 12:15:01.180 [main] DEBUG Connection - ooo Using Connection [jdbc:mysql://localhost:3306/jeecg, UserName=root@localhost, MySQL Connector Java]
2016-09-06 12:15:01.181 [main] DEBUG Connection - ==>  Preparing: insert into ACT_HI_IDENTITYLINK (ID_, TYPE_, USER_ID_, GROUP_ID_, TASK_ID_, PROC_INST_ID_) values (?, ?, ?, ?, ?, ?) 
2016-09-06 12:15:01.181 [main] DEBUG PreparedStatement - ==> Parameters: 2513(String), candidate(String), null, 技术部(String), 2512(String), null
2016-09-06 12:15:01.182 [main] DEBUG Connection - ooo Using Connection [jdbc:mysql://localhost:3306/jeecg, UserName=root@localhost, MySQL Connector Java]
2016-09-06 12:15:01.182 [main] DEBUG Connection - ==>  Preparing: insert into ACT_RU_TASK (ID_, REV_, NAME_, PARENT_TASK_ID_, DESCRIPTION_, PRIORITY_, CREATE_TIME_, OWNER_, ASSIGNEE_, DELEGATION_, EXECUTION_ID_, PROC_INST_ID_, PROC_DEF_ID_, TASK_DEF_KEY_, DUE_DATE_, CATEGORY_, SUSPENSION_STATE_, TENANT_ID_, FORM_KEY_) values (?, 1, ?, ?, ?, ?, ?, ?, ?, ?, ?, ?, ?, ?, ?, ?, ?, ?, ? ) 
2016-09-06 12:15:01.183 [main] DEBUG PreparedStatement - ==> Parameters: 2512(String), 技术一面(String), null, null, 50(Integer), 2016-09-06 12:15:01.175(Timestamp), null, null, null, 2505(String), 2505(String), Interview:2:2504(String), yimian(String), null, null, 1(Integer), (String), null
2016-09-06 12:15:01.184 [main] DEBUG Connection - ooo Using Connection [jdbc:mysql://localhost:3306/jeecg, UserName=root@localhost, MySQL Connector Java]
2016-09-06 12:15:01.184 [main] DEBUG Connection - ==>  Preparing: insert into ACT_RU_IDENTITYLINK (ID_, REV_, TYPE_, USER_ID_, GROUP_ID_, TASK_ID_, PROC_INST_ID_, PROC_DEF_ID_) values (?, 1, ?, ?, ?, ?, ?, ?) 
2016-09-06 12:15:01.184 [main] DEBUG PreparedStatement - ==> Parameters: 2513(String), candidate(String), null, 技术部(String), 2512(String), null, null
2016-09-06 12:15:01.185 [main] DEBUG Connection - ooo Using Connection [jdbc:mysql://localhost:3306/jeecg, UserName=root@localhost, MySQL Connector Java]
2016-09-06 12:15:01.185 [main] DEBUG Connection - ==>  Preparing: update ACT_RU_EXECUTION set REV_ = ?, BUSINESS_KEY_ = ?, PROC_DEF_ID_ = ?, ACT_ID_ = ?, IS_ACTIVE_ = ?, IS_CONCURRENT_ = ?, IS_SCOPE_ = ?, IS_EVENT_SCOPE_ = ?, PARENT_ID_ = ?, SUPER_EXEC_ = ?, SUSPENSION_STATE_ = ?, CACHED_ENT_STATE_ = ?, NAME_ = ? where ID_ = ? and REV_ = ? 
2016-09-06 12:15:01.186 [main] DEBUG PreparedStatement - ==> Parameters: 2(Integer), null, Interview:2:2504(String), yimian(String), true(Boolean), false(Boolean), true(Boolean), false(Boolean), null, null, 1(Integer), 2(Integer), null, 2505(String), 1(Integer)
2016-09-06 12:15:01.187 [main] DEBUG Connection - ooo Using Connection [jdbc:mysql://localhost:3306/jeecg, UserName=root@localhost, MySQL Connector Java]
2016-09-06 12:15:01.187 [main] DEBUG Connection - ==>  Preparing: update ACT_HI_ACTINST set EXECUTION_ID_ = ?, ASSIGNEE_ = ?, END_TIME_ = ?, DURATION_ = ? where ID_ = ? 
2016-09-06 12:15:01.187 [main] DEBUG PreparedStatement - ==> Parameters: 2505(String), ??(String), 2016-09-06 12:15:01.175(Timestamp), 175(Long), 2507(String)
2016-09-06 12:15:01.188 [main] DEBUG Connection - ooo Using Connection [jdbc:mysql://localhost:3306/jeecg, UserName=root@localhost, MySQL Connector Java]
2016-09-06 12:15:01.188 [main] DEBUG Connection - ==>  Preparing: update ACT_HI_TASKINST set EXECUTION_ID_ = ?, NAME_ = ?, PARENT_TASK_ID_ = ?, DESCRIPTION_ = ?, OWNER_ = ?, ASSIGNEE_ = ?, CLAIM_TIME_ = ?, END_TIME_ = ?, DURATION_ = ?, DELETE_REASON_ = ?, TASK_DEF_KEY_ = ?, FORM_KEY_ = ?, PRIORITY_ = ?, DUE_DATE_ = ?, CATEGORY_ = ? where ID_ = ? 
2016-09-06 12:15:01.189 [main] DEBUG PreparedStatement - ==> Parameters: 2505(String), ??(String), null, null, null, ??(String), 2016-09-06 12:15:01.0(Timestamp), 2016-09-06 12:15:01.17(Timestamp), 170(Long), completed(String), bishi(String), null, 50(Integer), null, null, 2508(String)
2016-09-06 12:15:01.190 [main] DEBUG Connection - ooo Using Connection [jdbc:mysql://localhost:3306/jeecg, UserName=root@localhost, MySQL Connector Java]
2016-09-06 12:15:01.190 [main] DEBUG Connection - ==>  Preparing: delete from ACT_RU_IDENTITYLINK where ID_ = ? 
2016-09-06 12:15:01.190 [main] DEBUG PreparedStatement - ==> Parameters: 2509(String)
2016-09-06 12:15:01.191 [main] DEBUG Connection - ooo Using Connection [jdbc:mysql://localhost:3306/jeecg, UserName=root@localhost, MySQL Connector Java]
2016-09-06 12:15:01.191 [main] DEBUG Connection - ==>  Preparing: delete from ACT_RU_TASK where ID_ = ? and REV_ = ? 
2016-09-06 12:15:01.191 [main] DEBUG PreparedStatement - ==> Parameters: 2508(String), 2(Integer)
2016-09-06 12:15:01.193 [main] DEBUG Connection - ooo Using Connection [jdbc:mysql://localhost:3306/jeecg, UserName=root@localhost, MySQL Connector Java]
2016-09-06 12:15:01.193 [main] DEBUG Connection - ==>  Preparing: select count(distinct RES.ID_) from ACT_RU_TASK RES WHERE RES.ASSIGNEE_ = ? 
2016-09-06 12:15:01.193 [main] DEBUG PreparedStatement - ==> Parameters: 张三(String)
2016-09-06 12:15:01.196 [main] DEBUG Connection - ooo Using Connection [jdbc:mysql://localhost:3306/jeecg, UserName=root@localhost, MySQL Connector Java]
2016-09-06 12:15:01.196 [main] DEBUG Connection - ==>  Preparing: select distinct RES.* from ACT_RU_TASK RES inner join ACT_RU_IDENTITYLINK I on I.TASK_ID_ = RES.ID_ WHERE RES.ASSIGNEE_ is null and I.TYPE_ = 'candidate' and ( I.GROUP_ID_ IN ( ? ) ) order by RES.ID_ asc LIMIT ? OFFSET ? 
2016-09-06 12:15:01.197 [main] DEBUG PreparedStatement - ==> Parameters: 技术部(String), 2147483647(Integer), 0(Integer)
2016-09-06 12:15:01.199 [main] DEBUG Connection - ooo Using Connection [jdbc:mysql://localhost:3306/jeecg, UserName=root@localhost, MySQL Connector Java]
2016-09-06 12:15:01.199 [main] DEBUG Connection - ==>  Preparing: select * from ACT_RU_TASK where ID_ = ? 
2016-09-06 12:15:01.200 [main] DEBUG PreparedStatement - ==> Parameters: 2512(String)
2016-09-06 12:15:01.202 [main] DEBUG Connection - ooo Using Connection [jdbc:mysql://localhost:3306/jeecg, UserName=root@localhost, MySQL Connector Java]
2016-09-06 12:15:01.202 [main] DEBUG Connection - ==>  Preparing: select * from ACT_HI_TASKINST where ID_ = ? 
2016-09-06 12:15:01.202 [main] DEBUG PreparedStatement - ==> Parameters: 2512(String)
2016-09-06 12:15:01.204 [main] DEBUG Connection - ooo Using Connection [jdbc:mysql://localhost:3306/jeecg, UserName=root@localhost, MySQL Connector Java]
2016-09-06 12:15:01.204 [main] DEBUG Connection - ==>  Preparing: select * from ACT_RU_EXECUTION where ID_ = ? 
2016-09-06 12:15:01.204 [main] DEBUG PreparedStatement - ==> Parameters: 2505(String)
2016-09-06 12:15:01.206 [main] DEBUG Connection - ooo Using Connection [jdbc:mysql://localhost:3306/jeecg, UserName=root@localhost, MySQL Connector Java]
2016-09-06 12:15:01.207 [main] DEBUG Connection - ==>  Preparing: select * from ACT_RU_IDENTITYLINK where PROC_INST_ID_ = ? 
2016-09-06 12:15:01.207 [main] DEBUG PreparedStatement - ==> Parameters: 2505(String)
2016-09-06 12:15:01.208 [main] DEBUG Connection - ooo Using Connection [jdbc:mysql://localhost:3306/jeecg, UserName=root@localhost, MySQL Connector Java]
2016-09-06 12:15:01.209 [main] DEBUG Connection - ==>  Preparing: select RES.* from ACT_HI_ACTINST RES WHERE RES.EXECUTION_ID_ = ? and RES.ACT_ID_ = ? and RES.END_TIME_ is null order by RES.ID_ asc LIMIT ? OFFSET ? 
2016-09-06 12:15:01.209 [main] DEBUG PreparedStatement - ==> Parameters: 2505(String), yimian(String), 1(Integer), 0(Integer)
2016-09-06 12:15:01.211 [main] DEBUG Connection - ooo Using Connection [jdbc:mysql://localhost:3306/jeecg, UserName=root@localhost, MySQL Connector Java]
2016-09-06 12:15:01.211 [main] DEBUG Connection - ==>  Preparing: insert into ACT_HI_IDENTITYLINK (ID_, TYPE_, USER_ID_, GROUP_ID_, TASK_ID_, PROC_INST_ID_) values (?, ?, ?, ?, ?, ?) 
2016-09-06 12:15:01.211 [main] DEBUG PreparedStatement - ==> Parameters: 2514(String), participant(String), 李四(String), null, null, 2505(String)
2016-09-06 12:15:01.212 [main] DEBUG Connection - ooo Using Connection [jdbc:mysql://localhost:3306/jeecg, UserName=root@localhost, MySQL Connector Java]
2016-09-06 12:15:01.212 [main] DEBUG Connection - ==>  Preparing: insert into ACT_RU_IDENTITYLINK (ID_, REV_, TYPE_, USER_ID_, GROUP_ID_, TASK_ID_, PROC_INST_ID_, PROC_DEF_ID_) values (?, 1, ?, ?, ?, ?, ?, ?) 
2016-09-06 12:15:01.213 [main] DEBUG PreparedStatement - ==> Parameters: 2514(String), participant(String), 李四(String), null, null, 2505(String), null
2016-09-06 12:15:01.214 [main] DEBUG Connection - ooo Using Connection [jdbc:mysql://localhost:3306/jeecg, UserName=root@localhost, MySQL Connector Java]
2016-09-06 12:15:01.214 [main] DEBUG Connection - ==>  Preparing: update ACT_HI_ACTINST set EXECUTION_ID_ = ?, ASSIGNEE_ = ?, END_TIME_ = ?, DURATION_ = ? where ID_ = ? 
2016-09-06 12:15:01.214 [main] DEBUG PreparedStatement - ==> Parameters: 2505(String), 李四(String), null, null, 2511(String)
2016-09-06 12:15:01.215 [main] DEBUG Connection - ooo Using Connection [jdbc:mysql://localhost:3306/jeecg, UserName=root@localhost, MySQL Connector Java]
2016-09-06 12:15:01.215 [main] DEBUG Connection - ==>  Preparing: update ACT_RU_TASK SET REV_ = ?, NAME_ = ?, PARENT_TASK_ID_ = ?, PRIORITY_ = ?, CREATE_TIME_ = ?, OWNER_ = ?, ASSIGNEE_ = ?, DELEGATION_ = ?, EXECUTION_ID_ = ?, PROC_DEF_ID_ = ?, DESCRIPTION_ = ?, DUE_DATE_ = ?, CATEGORY_ = ?, SUSPENSION_STATE_ = ?, FORM_KEY_ = ? where ID_= ? and REV_ = ? 
2016-09-06 12:15:01.217 [main] DEBUG PreparedStatement - ==> Parameters: 2(Integer), ????(String), null, 50(Integer), 2016-09-06 12:15:01.0(Timestamp), null, 李四(String), null, 2505(String), Interview:2:2504(String), null, null, null, 1(Integer), null, 2512(String), 1(Integer)
2016-09-06 12:15:01.218 [main] DEBUG Connection - ooo Using Connection [jdbc:mysql://localhost:3306/jeecg, UserName=root@localhost, MySQL Connector Java]
2016-09-06 12:15:01.218 [main] DEBUG Connection - ==>  Preparing: update ACT_HI_TASKINST set EXECUTION_ID_ = ?, NAME_ = ?, PARENT_TASK_ID_ = ?, DESCRIPTION_ = ?, OWNER_ = ?, ASSIGNEE_ = ?, CLAIM_TIME_ = ?, END_TIME_ = ?, DURATION_ = ?, DELETE_REASON_ = ?, TASK_DEF_KEY_ = ?, FORM_KEY_ = ?, PRIORITY_ = ?, DUE_DATE_ = ?, CATEGORY_ = ? where ID_ = ? 
2016-09-06 12:15:01.219 [main] DEBUG PreparedStatement - ==> Parameters: 2505(String), ????(String), null, null, null, 李四(String), 2016-09-06 12:15:01.21(Timestamp), null, null, null, yimian(String), null, 50(Integer), null, null, 2512(String)
2016-09-06 12:15:01.225 [main] DEBUG Connection - ooo Using Connection [jdbc:mysql://localhost:3306/jeecg, UserName=root@localhost, MySQL Connector Java]
2016-09-06 12:15:01.225 [main] DEBUG Connection - ==>  Preparing: select count(distinct RES.ID_) from ACT_RU_TASK RES WHERE RES.ASSIGNEE_ = ? 
2016-09-06 12:15:01.226 [main] DEBUG PreparedStatement - ==> Parameters: 李四(String)
2016-09-06 12:15:01.227 [main] DEBUG Connection - ooo Using Connection [jdbc:mysql://localhost:3306/jeecg, UserName=root@localhost, MySQL Connector Java]
2016-09-06 12:15:01.228 [main] DEBUG Connection - ==>  Preparing: select * from ACT_RU_TASK where ID_ = ? 
2016-09-06 12:15:01.228 [main] DEBUG PreparedStatement - ==> Parameters: 2512(String)
2016-09-06 12:15:01.229 [main] DEBUG Connection - ooo Using Connection [jdbc:mysql://localhost:3306/jeecg, UserName=root@localhost, MySQL Connector Java]
2016-09-06 12:15:01.230 [main] DEBUG Connection - ==>  Preparing: select * from ACT_RU_TASK where PARENT_TASK_ID_ = ? 
2016-09-06 12:15:01.230 [main] DEBUG PreparedStatement - ==> Parameters: 2512(String)
2016-09-06 12:15:01.231 [main] DEBUG Connection - ooo Using Connection [jdbc:mysql://localhost:3306/jeecg, UserName=root@localhost, MySQL Connector Java]
2016-09-06 12:15:01.231 [main] DEBUG Connection - ==>  Preparing: select * from ACT_RU_IDENTITYLINK where TASK_ID_ = ? 
2016-09-06 12:15:01.231 [main] DEBUG PreparedStatement - ==> Parameters: 2512(String)
2016-09-06 12:15:01.233 [main] DEBUG Connection - ooo Using Connection [jdbc:mysql://localhost:3306/jeecg, UserName=root@localhost, MySQL Connector Java]
2016-09-06 12:15:01.233 [main] DEBUG Connection - ==>  Preparing: select * from ACT_RU_VARIABLE where TASK_ID_ = ? 
2016-09-06 12:15:01.233 [main] DEBUG PreparedStatement - ==> Parameters: 2512(String)
2016-09-06 12:15:01.234 [main] DEBUG Connection - ooo Using Connection [jdbc:mysql://localhost:3306/jeecg, UserName=root@localhost, MySQL Connector Java]
2016-09-06 12:15:01.234 [main] DEBUG Connection - ==>  Preparing: select * from ACT_HI_TASKINST where ID_ = ? 
2016-09-06 12:15:01.235 [main] DEBUG PreparedStatement - ==> Parameters: 2512(String)
2016-09-06 12:15:01.236 [main] DEBUG Connection - ooo Using Connection [jdbc:mysql://localhost:3306/jeecg, UserName=root@localhost, MySQL Connector Java]
2016-09-06 12:15:01.237 [main] DEBUG Connection - ==>  Preparing: select * from ACT_RU_EXECUTION where ID_ = ? 
2016-09-06 12:15:01.237 [main] DEBUG PreparedStatement - ==> Parameters: 2505(String)
2016-09-06 12:15:01.238 [main] DEBUG Connection - ooo Using Connection [jdbc:mysql://localhost:3306/jeecg, UserName=root@localhost, MySQL Connector Java]
2016-09-06 12:15:01.239 [main] DEBUG Connection - ==>  Preparing: select distinct T.* from ACT_RU_TASK T where T.EXECUTION_ID_ = ? 
2016-09-06 12:15:01.239 [main] DEBUG PreparedStatement - ==> Parameters: 2505(String)
2016-09-06 12:15:01.240 [main] DEBUG Connection - ooo Using Connection [jdbc:mysql://localhost:3306/jeecg, UserName=root@localhost, MySQL Connector Java]
2016-09-06 12:15:01.240 [main] DEBUG Connection - ==>  Preparing: select RES.* from ACT_HI_ACTINST RES WHERE RES.EXECUTION_ID_ = ? and RES.ACT_ID_ = ? and RES.END_TIME_ is null order by RES.ID_ asc LIMIT ? OFFSET ? 
2016-09-06 12:15:01.241 [main] DEBUG PreparedStatement - ==> Parameters: 2505(String), yimian(String), 1(Integer), 0(Integer)
2016-09-06 12:15:01.242 [main] DEBUG Connection - ooo Using Connection [jdbc:mysql://localhost:3306/jeecg, UserName=root@localhost, MySQL Connector Java]
2016-09-06 12:15:01.242 [main] DEBUG Connection - ==>  Preparing: insert into ACT_HI_TASKINST ( ID_, PROC_DEF_ID_, PROC_INST_ID_, EXECUTION_ID_, NAME_, PARENT_TASK_ID_, DESCRIPTION_, OWNER_, ASSIGNEE_, START_TIME_, CLAIM_TIME_, END_TIME_, DURATION_, DELETE_REASON_, TASK_DEF_KEY_, FORM_KEY_, PRIORITY_, DUE_DATE_, CATEGORY_, TENANT_ID_ ) values ( ?, ?, ?, ?, ?, ?, ?, ?, ?, ?, ?, ?, ?, ?, ?, ?, ?, ?, ?, ? ) 
2016-09-06 12:15:01.243 [main] DEBUG PreparedStatement - ==> Parameters: 2516(String), Interview:2:2504(String), 2505(String), 2505(String), 技术二面(String), null, null, null, null, 2016-09-06 12:15:01.242(Timestamp), null, null, null, null, ermian(String), null, 50(Integer), null, null, (String)
2016-09-06 12:15:01.244 [main] DEBUG Connection - ooo Using Connection [jdbc:mysql://localhost:3306/jeecg, UserName=root@localhost, MySQL Connector Java]
2016-09-06 12:15:01.245 [main] DEBUG Connection - ==>  Preparing: insert into ACT_HI_ACTINST ( ID_, PROC_DEF_ID_, PROC_INST_ID_, EXECUTION_ID_, ACT_ID_, TASK_ID_, CALL_PROC_INST_ID_, ACT_NAME_, ACT_TYPE_, ASSIGNEE_, START_TIME_, END_TIME_, DURATION_, TENANT_ID_ ) values ( ?, ?, ?, ?, ?, ?, ?, ?, ?, ?, ?, ?, ?, ? ) 
2016-09-06 12:15:01.245 [main] DEBUG PreparedStatement - ==> Parameters: 2515(String), Interview:2:2504(String), 2505(String), 2505(String), ermian(String), 2516(String), null, 技术二面(String), userTask(String), null, 2016-09-06 12:15:01.242(Timestamp), null, null, (String)
2016-09-06 12:15:01.246 [main] DEBUG Connection - ooo Using Connection [jdbc:mysql://localhost:3306/jeecg, UserName=root@localhost, MySQL Connector Java]
2016-09-06 12:15:01.246 [main] DEBUG Connection - ==>  Preparing: insert into ACT_HI_IDENTITYLINK (ID_, TYPE_, USER_ID_, GROUP_ID_, TASK_ID_, PROC_INST_ID_) values (?, ?, ?, ?, ?, ?) 
2016-09-06 12:15:01.247 [main] DEBUG PreparedStatement - ==> Parameters: 2517(String), candidate(String), null, 技术部(String), 2516(String), null
2016-09-06 12:15:01.248 [main] DEBUG Connection - ooo Using Connection [jdbc:mysql://localhost:3306/jeecg, UserName=root@localhost, MySQL Connector Java]
2016-09-06 12:15:01.248 [main] DEBUG Connection - ==>  Preparing: insert into ACT_RU_TASK (ID_, REV_, NAME_, PARENT_TASK_ID_, DESCRIPTION_, PRIORITY_, CREATE_TIME_, OWNER_, ASSIGNEE_, DELEGATION_, EXECUTION_ID_, PROC_INST_ID_, PROC_DEF_ID_, TASK_DEF_KEY_, DUE_DATE_, CATEGORY_, SUSPENSION_STATE_, TENANT_ID_, FORM_KEY_) values (?, 1, ?, ?, ?, ?, ?, ?, ?, ?, ?, ?, ?, ?, ?, ?, ?, ?, ? ) 
2016-09-06 12:15:01.248 [main] DEBUG PreparedStatement - ==> Parameters: 2516(String), 技术二面(String), null, null, 50(Integer), 2016-09-06 12:15:01.242(Timestamp), null, null, null, 2505(String), 2505(String), Interview:2:2504(String), ermian(String), null, null, 1(Integer), (String), null
2016-09-06 12:15:01.249 [main] DEBUG Connection - ooo Using Connection [jdbc:mysql://localhost:3306/jeecg, UserName=root@localhost, MySQL Connector Java]
2016-09-06 12:15:01.250 [main] DEBUG Connection - ==>  Preparing: insert into ACT_RU_IDENTITYLINK (ID_, REV_, TYPE_, USER_ID_, GROUP_ID_, TASK_ID_, PROC_INST_ID_, PROC_DEF_ID_) values (?, 1, ?, ?, ?, ?, ?, ?) 
2016-09-06 12:15:01.250 [main] DEBUG PreparedStatement - ==> Parameters: 2517(String), candidate(String), null, 技术部(String), 2516(String), null, null
2016-09-06 12:15:01.251 [main] DEBUG Connection - ooo Using Connection [jdbc:mysql://localhost:3306/jeecg, UserName=root@localhost, MySQL Connector Java]
2016-09-06 12:15:01.251 [main] DEBUG Connection - ==>  Preparing: update ACT_RU_EXECUTION set REV_ = ?, BUSINESS_KEY_ = ?, PROC_DEF_ID_ = ?, ACT_ID_ = ?, IS_ACTIVE_ = ?, IS_CONCURRENT_ = ?, IS_SCOPE_ = ?, IS_EVENT_SCOPE_ = ?, PARENT_ID_ = ?, SUPER_EXEC_ = ?, SUSPENSION_STATE_ = ?, CACHED_ENT_STATE_ = ?, NAME_ = ? where ID_ = ? and REV_ = ? 
2016-09-06 12:15:01.251 [main] DEBUG PreparedStatement - ==> Parameters: 3(Integer), null, Interview:2:2504(String), ermian(String), true(Boolean), false(Boolean), true(Boolean), false(Boolean), null, null, 1(Integer), 2(Integer), null, 2505(String), 2(Integer)
2016-09-06 12:15:01.252 [main] DEBUG Connection - ooo Using Connection [jdbc:mysql://localhost:3306/jeecg, UserName=root@localhost, MySQL Connector Java]
2016-09-06 12:15:01.253 [main] DEBUG Connection - ==>  Preparing: update ACT_HI_ACTINST set EXECUTION_ID_ = ?, ASSIGNEE_ = ?, END_TIME_ = ?, DURATION_ = ? where ID_ = ? 
2016-09-06 12:15:01.253 [main] DEBUG PreparedStatement - ==> Parameters: 2505(String), ??(String), 2016-09-06 12:15:01.242(Timestamp), 242(Long), 2511(String)
2016-09-06 12:15:01.254 [main] DEBUG Connection - ooo Using Connection [jdbc:mysql://localhost:3306/jeecg, UserName=root@localhost, MySQL Connector Java]
2016-09-06 12:15:01.254 [main] DEBUG Connection - ==>  Preparing: update ACT_HI_TASKINST set EXECUTION_ID_ = ?, NAME_ = ?, PARENT_TASK_ID_ = ?, DESCRIPTION_ = ?, OWNER_ = ?, ASSIGNEE_ = ?, CLAIM_TIME_ = ?, END_TIME_ = ?, DURATION_ = ?, DELETE_REASON_ = ?, TASK_DEF_KEY_ = ?, FORM_KEY_ = ?, PRIORITY_ = ?, DUE_DATE_ = ?, CATEGORY_ = ? where ID_ = ? 
2016-09-06 12:15:01.254 [main] DEBUG PreparedStatement - ==> Parameters: 2505(String), ????(String), null, null, null, ??(String), 2016-09-06 12:15:01.0(Timestamp), 2016-09-06 12:15:01.236(Timestamp), 236(Long), completed(String), yimian(String), null, 50(Integer), null, null, 2512(String)
2016-09-06 12:15:01.255 [main] DEBUG Connection - ooo Using Connection [jdbc:mysql://localhost:3306/jeecg, UserName=root@localhost, MySQL Connector Java]
2016-09-06 12:15:01.256 [main] DEBUG Connection - ==>  Preparing: delete from ACT_RU_IDENTITYLINK where ID_ = ? 
2016-09-06 12:15:01.256 [main] DEBUG PreparedStatement - ==> Parameters: 2513(String)
2016-09-06 12:15:01.256 [main] DEBUG Connection - ooo Using Connection [jdbc:mysql://localhost:3306/jeecg, UserName=root@localhost, MySQL Connector Java]
2016-09-06 12:15:01.257 [main] DEBUG Connection - ==>  Preparing: delete from ACT_RU_TASK where ID_ = ? and REV_ = ? 
2016-09-06 12:15:01.257 [main] DEBUG PreparedStatement - ==> Parameters: 2512(String), 2(Integer)
2016-09-06 12:15:01.259 [main] DEBUG Connection - ooo Using Connection [jdbc:mysql://localhost:3306/jeecg, UserName=root@localhost, MySQL Connector Java]
2016-09-06 12:15:01.259 [main] DEBUG Connection - ==>  Preparing: select count(distinct RES.ID_) from ACT_RU_TASK RES WHERE RES.ASSIGNEE_ = ? 
2016-09-06 12:15:01.259 [main] DEBUG PreparedStatement - ==> Parameters: 李四(String)
2016-09-06 12:15:01.263 [main] DEBUG Connection - ooo Using Connection [jdbc:mysql://localhost:3306/jeecg, UserName=root@localhost, MySQL Connector Java]
2016-09-06 12:15:01.264 [main] DEBUG Connection - ==>  Preparing: select distinct RES.* from ACT_RU_TASK RES inner join ACT_RU_IDENTITYLINK I on I.TASK_ID_ = RES.ID_ WHERE RES.ASSIGNEE_ is null and I.TYPE_ = 'candidate' and ( I.GROUP_ID_ IN ( ? ) ) order by RES.ID_ asc LIMIT ? OFFSET ? 
2016-09-06 12:15:01.264 [main] DEBUG PreparedStatement - ==> Parameters: 技术部(String), 2147483647(Integer), 0(Integer)
2016-09-06 12:15:01.267 [main] DEBUG Connection - ooo Using Connection [jdbc:mysql://localhost:3306/jeecg, UserName=root@localhost, MySQL Connector Java]
2016-09-06 12:15:01.267 [main] DEBUG Connection - ==>  Preparing: select * from ACT_RU_TASK where ID_ = ? 
2016-09-06 12:15:01.267 [main] DEBUG PreparedStatement - ==> Parameters: 2516(String)
2016-09-06 12:15:01.268 [main] DEBUG Connection - ooo Using Connection [jdbc:mysql://localhost:3306/jeecg, UserName=root@localhost, MySQL Connector Java]
2016-09-06 12:15:01.269 [main] DEBUG Connection - ==>  Preparing: select * from ACT_HI_TASKINST where ID_ = ? 
2016-09-06 12:15:01.269 [main] DEBUG PreparedStatement - ==> Parameters: 2516(String)
2016-09-06 12:15:01.270 [main] DEBUG Connection - ooo Using Connection [jdbc:mysql://localhost:3306/jeecg, UserName=root@localhost, MySQL Connector Java]
2016-09-06 12:15:01.270 [main] DEBUG Connection - ==>  Preparing: select * from ACT_RU_EXECUTION where ID_ = ? 
2016-09-06 12:15:01.270 [main] DEBUG PreparedStatement - ==> Parameters: 2505(String)
2016-09-06 12:15:01.272 [main] DEBUG Connection - ooo Using Connection [jdbc:mysql://localhost:3306/jeecg, UserName=root@localhost, MySQL Connector Java]
2016-09-06 12:15:01.272 [main] DEBUG Connection - ==>  Preparing: select * from ACT_RU_IDENTITYLINK where PROC_INST_ID_ = ? 
2016-09-06 12:15:01.272 [main] DEBUG PreparedStatement - ==> Parameters: 2505(String)
2016-09-06 12:15:01.273 [main] DEBUG Connection - ooo Using Connection [jdbc:mysql://localhost:3306/jeecg, UserName=root@localhost, MySQL Connector Java]
2016-09-06 12:15:01.273 [main] DEBUG Connection - ==>  Preparing: select RES.* from ACT_HI_ACTINST RES WHERE RES.EXECUTION_ID_ = ? and RES.ACT_ID_ = ? and RES.END_TIME_ is null order by RES.ID_ asc LIMIT ? OFFSET ? 
2016-09-06 12:15:01.274 [main] DEBUG PreparedStatement - ==> Parameters: 2505(String), ermian(String), 1(Integer), 0(Integer)
2016-09-06 12:15:01.275 [main] DEBUG Connection - ooo Using Connection [jdbc:mysql://localhost:3306/jeecg, UserName=root@localhost, MySQL Connector Java]
2016-09-06 12:15:01.275 [main] DEBUG Connection - ==>  Preparing: insert into ACT_HI_IDENTITYLINK (ID_, TYPE_, USER_ID_, GROUP_ID_, TASK_ID_, PROC_INST_ID_) values (?, ?, ?, ?, ?, ?) 
2016-09-06 12:15:01.276 [main] DEBUG PreparedStatement - ==> Parameters: 2518(String), participant(String), 李四(String), null, null, 2505(String)
2016-09-06 12:15:01.276 [main] DEBUG Connection - ooo Using Connection [jdbc:mysql://localhost:3306/jeecg, UserName=root@localhost, MySQL Connector Java]
2016-09-06 12:15:01.276 [main] DEBUG Connection - ==>  Preparing: insert into ACT_RU_IDENTITYLINK (ID_, REV_, TYPE_, USER_ID_, GROUP_ID_, TASK_ID_, PROC_INST_ID_, PROC_DEF_ID_) values (?, 1, ?, ?, ?, ?, ?, ?) 
2016-09-06 12:15:01.277 [main] DEBUG PreparedStatement - ==> Parameters: 2518(String), participant(String), 李四(String), null, null, 2505(String), null
2016-09-06 12:15:01.278 [main] DEBUG Connection - ooo Using Connection [jdbc:mysql://localhost:3306/jeecg, UserName=root@localhost, MySQL Connector Java]
2016-09-06 12:15:01.278 [main] DEBUG Connection - ==>  Preparing: update ACT_HI_ACTINST set EXECUTION_ID_ = ?, ASSIGNEE_ = ?, END_TIME_ = ?, DURATION_ = ? where ID_ = ? 
2016-09-06 12:15:01.278 [main] DEBUG PreparedStatement - ==> Parameters: 2505(String), 李四(String), null, null, 2515(String)
2016-09-06 12:15:01.279 [main] DEBUG Connection - ooo Using Connection [jdbc:mysql://localhost:3306/jeecg, UserName=root@localhost, MySQL Connector Java]
2016-09-06 12:15:01.279 [main] DEBUG Connection - ==>  Preparing: update ACT_RU_TASK SET REV_ = ?, NAME_ = ?, PARENT_TASK_ID_ = ?, PRIORITY_ = ?, CREATE_TIME_ = ?, OWNER_ = ?, ASSIGNEE_ = ?, DELEGATION_ = ?, EXECUTION_ID_ = ?, PROC_DEF_ID_ = ?, DESCRIPTION_ = ?, DUE_DATE_ = ?, CATEGORY_ = ?, SUSPENSION_STATE_ = ?, FORM_KEY_ = ? where ID_= ? and REV_ = ? 
2016-09-06 12:15:01.279 [main] DEBUG PreparedStatement - ==> Parameters: 2(Integer), ????(String), null, 50(Integer), 2016-09-06 12:15:01.0(Timestamp), null, 李四(String), null, 2505(String), Interview:2:2504(String), null, null, null, 1(Integer), null, 2516(String), 1(Integer)
2016-09-06 12:15:01.280 [main] DEBUG Connection - ooo Using Connection [jdbc:mysql://localhost:3306/jeecg, UserName=root@localhost, MySQL Connector Java]
2016-09-06 12:15:01.280 [main] DEBUG Connection - ==>  Preparing: update ACT_HI_TASKINST set EXECUTION_ID_ = ?, NAME_ = ?, PARENT_TASK_ID_ = ?, DESCRIPTION_ = ?, OWNER_ = ?, ASSIGNEE_ = ?, CLAIM_TIME_ = ?, END_TIME_ = ?, DURATION_ = ?, DELETE_REASON_ = ?, TASK_DEF_KEY_ = ?, FORM_KEY_ = ?, PRIORITY_ = ?, DUE_DATE_ = ?, CATEGORY_ = ? where ID_ = ? 
2016-09-06 12:15:01.281 [main] DEBUG PreparedStatement - ==> Parameters: 2505(String), ????(String), null, null, null, 李四(String), 2016-09-06 12:15:01.275(Timestamp), null, null, null, ermian(String), null, 50(Integer), null, null, 2516(String)
2016-09-06 12:15:01.283 [main] DEBUG Connection - ooo Using Connection [jdbc:mysql://localhost:3306/jeecg, UserName=root@localhost, MySQL Connector Java]
2016-09-06 12:15:01.283 [main] DEBUG Connection - ==>  Preparing: select count(distinct RES.ID_) from ACT_RU_TASK RES WHERE RES.ASSIGNEE_ = ? 
2016-09-06 12:15:01.283 [main] DEBUG PreparedStatement - ==> Parameters: 李四(String)
2016-09-06 12:15:01.285 [main] DEBUG Connection - ooo Using Connection [jdbc:mysql://localhost:3306/jeecg, UserName=root@localhost, MySQL Connector Java]
2016-09-06 12:15:01.285 [main] DEBUG Connection - ==>  Preparing: select * from ACT_RU_TASK where ID_ = ? 
2016-09-06 12:15:01.285 [main] DEBUG PreparedStatement - ==> Parameters: 2516(String)
2016-09-06 12:15:01.286 [main] DEBUG Connection - ooo Using Connection [jdbc:mysql://localhost:3306/jeecg, UserName=root@localhost, MySQL Connector Java]
2016-09-06 12:15:01.286 [main] DEBUG Connection - ==>  Preparing: select * from ACT_RU_TASK where PARENT_TASK_ID_ = ? 
2016-09-06 12:15:01.287 [main] DEBUG PreparedStatement - ==> Parameters: 2516(String)
2016-09-06 12:15:01.288 [main] DEBUG Connection - ooo Using Connection [jdbc:mysql://localhost:3306/jeecg, UserName=root@localhost, MySQL Connector Java]
2016-09-06 12:15:01.288 [main] DEBUG Connection - ==>  Preparing: select * from ACT_RU_IDENTITYLINK where TASK_ID_ = ? 
2016-09-06 12:15:01.288 [main] DEBUG PreparedStatement - ==> Parameters: 2516(String)
2016-09-06 12:15:01.289 [main] DEBUG Connection - ooo Using Connection [jdbc:mysql://localhost:3306/jeecg, UserName=root@localhost, MySQL Connector Java]
2016-09-06 12:15:01.289 [main] DEBUG Connection - ==>  Preparing: select * from ACT_RU_VARIABLE where TASK_ID_ = ? 
2016-09-06 12:15:01.290 [main] DEBUG PreparedStatement - ==> Parameters: 2516(String)
2016-09-06 12:15:01.291 [main] DEBUG Connection - ooo Using Connection [jdbc:mysql://localhost:3306/jeecg, UserName=root@localhost, MySQL Connector Java]
2016-09-06 12:15:01.291 [main] DEBUG Connection - ==>  Preparing: select * from ACT_HI_TASKINST where ID_ = ? 
2016-09-06 12:15:01.291 [main] DEBUG PreparedStatement - ==> Parameters: 2516(String)
2016-09-06 12:15:01.293 [main] DEBUG Connection - ooo Using Connection [jdbc:mysql://localhost:3306/jeecg, UserName=root@localhost, MySQL Connector Java]
2016-09-06 12:15:01.293 [main] DEBUG Connection - ==>  Preparing: select * from ACT_RU_EXECUTION where ID_ = ? 
2016-09-06 12:15:01.293 [main] DEBUG PreparedStatement - ==> Parameters: 2505(String)
2016-09-06 12:15:01.295 [main] DEBUG Connection - ooo Using Connection [jdbc:mysql://localhost:3306/jeecg, UserName=root@localhost, MySQL Connector Java]
2016-09-06 12:15:01.295 [main] DEBUG Connection - ==>  Preparing: select distinct T.* from ACT_RU_TASK T where T.EXECUTION_ID_ = ? 
2016-09-06 12:15:01.295 [main] DEBUG PreparedStatement - ==> Parameters: 2505(String)
2016-09-06 12:15:01.297 [main] DEBUG Connection - ooo Using Connection [jdbc:mysql://localhost:3306/jeecg, UserName=root@localhost, MySQL Connector Java]
2016-09-06 12:15:01.297 [main] DEBUG Connection - ==>  Preparing: select RES.* from ACT_HI_ACTINST RES WHERE RES.EXECUTION_ID_ = ? and RES.ACT_ID_ = ? and RES.END_TIME_ is null order by RES.ID_ asc LIMIT ? OFFSET ? 
2016-09-06 12:15:01.297 [main] DEBUG PreparedStatement - ==> Parameters: 2505(String), ermian(String), 1(Integer), 0(Integer)
2016-09-06 12:15:01.299 [main] DEBUG Connection - ooo Using Connection [jdbc:mysql://localhost:3306/jeecg, UserName=root@localhost, MySQL Connector Java]
2016-09-06 12:15:01.299 [main] DEBUG Connection - ==>  Preparing: insert into ACT_HI_TASKINST ( ID_, PROC_DEF_ID_, PROC_INST_ID_, EXECUTION_ID_, NAME_, PARENT_TASK_ID_, DESCRIPTION_, OWNER_, ASSIGNEE_, START_TIME_, CLAIM_TIME_, END_TIME_, DURATION_, DELETE_REASON_, TASK_DEF_KEY_, FORM_KEY_, PRIORITY_, DUE_DATE_, CATEGORY_, TENANT_ID_ ) values ( ?, ?, ?, ?, ?, ?, ?, ?, ?, ?, ?, ?, ?, ?, ?, ?, ?, ?, ?, ? ) 
2016-09-06 12:15:01.300 [main] DEBUG PreparedStatement - ==> Parameters: 2520(String), Interview:2:2504(String), 2505(String), 2505(String), Hr 面试(String), null, null, null, null, 2016-09-06 12:15:01.299(Timestamp), null, null, null, null, hrmian(String), null, 50(Integer), null, null, (String)
2016-09-06 12:15:01.301 [main] DEBUG Connection - ooo Using Connection [jdbc:mysql://localhost:3306/jeecg, UserName=root@localhost, MySQL Connector Java]
2016-09-06 12:15:01.301 [main] DEBUG Connection - ==>  Preparing: insert into ACT_HI_ACTINST ( ID_, PROC_DEF_ID_, PROC_INST_ID_, EXECUTION_ID_, ACT_ID_, TASK_ID_, CALL_PROC_INST_ID_, ACT_NAME_, ACT_TYPE_, ASSIGNEE_, START_TIME_, END_TIME_, DURATION_, TENANT_ID_ ) values ( ?, ?, ?, ?, ?, ?, ?, ?, ?, ?, ?, ?, ?, ? ) 
2016-09-06 12:15:01.302 [main] DEBUG PreparedStatement - ==> Parameters: 2519(String), Interview:2:2504(String), 2505(String), 2505(String), hrmian(String), 2520(String), null, Hr 面试(String), userTask(String), null, 2016-09-06 12:15:01.299(Timestamp), null, null, (String)
2016-09-06 12:15:01.303 [main] DEBUG Connection - ooo Using Connection [jdbc:mysql://localhost:3306/jeecg, UserName=root@localhost, MySQL Connector Java]
2016-09-06 12:15:01.303 [main] DEBUG Connection - ==>  Preparing: insert into ACT_HI_IDENTITYLINK (ID_, TYPE_, USER_ID_, GROUP_ID_, TASK_ID_, PROC_INST_ID_) values (?, ?, ?, ?, ?, ?) 
2016-09-06 12:15:01.303 [main] DEBUG PreparedStatement - ==> Parameters: 2521(String), candidate(String), null, 人力资源部(String), 2520(String), null
2016-09-06 12:15:01.304 [main] DEBUG Connection - ooo Using Connection [jdbc:mysql://localhost:3306/jeecg, UserName=root@localhost, MySQL Connector Java]
2016-09-06 12:15:01.305 [main] DEBUG Connection - ==>  Preparing: insert into ACT_RU_TASK (ID_, REV_, NAME_, PARENT_TASK_ID_, DESCRIPTION_, PRIORITY_, CREATE_TIME_, OWNER_, ASSIGNEE_, DELEGATION_, EXECUTION_ID_, PROC_INST_ID_, PROC_DEF_ID_, TASK_DEF_KEY_, DUE_DATE_, CATEGORY_, SUSPENSION_STATE_, TENANT_ID_, FORM_KEY_) values (?, 1, ?, ?, ?, ?, ?, ?, ?, ?, ?, ?, ?, ?, ?, ?, ?, ?, ? ) 
2016-09-06 12:15:01.305 [main] DEBUG PreparedStatement - ==> Parameters: 2520(String), Hr 面试(String), null, null, 50(Integer), 2016-09-06 12:15:01.299(Timestamp), null, null, null, 2505(String), 2505(String), Interview:2:2504(String), hrmian(String), null, null, 1(Integer), (String), null
2016-09-06 12:15:01.306 [main] DEBUG Connection - ooo Using Connection [jdbc:mysql://localhost:3306/jeecg, UserName=root@localhost, MySQL Connector Java]
2016-09-06 12:15:01.306 [main] DEBUG Connection - ==>  Preparing: insert into ACT_RU_IDENTITYLINK (ID_, REV_, TYPE_, USER_ID_, GROUP_ID_, TASK_ID_, PROC_INST_ID_, PROC_DEF_ID_) values (?, 1, ?, ?, ?, ?, ?, ?) 
2016-09-06 12:15:01.307 [main] DEBUG PreparedStatement - ==> Parameters: 2521(String), candidate(String), null, 人力资源部(String), 2520(String), null, null
2016-09-06 12:15:01.308 [main] DEBUG Connection - ooo Using Connection [jdbc:mysql://localhost:3306/jeecg, UserName=root@localhost, MySQL Connector Java]
2016-09-06 12:15:01.308 [main] DEBUG Connection - ==>  Preparing: update ACT_RU_EXECUTION set REV_ = ?, BUSINESS_KEY_ = ?, PROC_DEF_ID_ = ?, ACT_ID_ = ?, IS_ACTIVE_ = ?, IS_CONCURRENT_ = ?, IS_SCOPE_ = ?, IS_EVENT_SCOPE_ = ?, PARENT_ID_ = ?, SUPER_EXEC_ = ?, SUSPENSION_STATE_ = ?, CACHED_ENT_STATE_ = ?, NAME_ = ? where ID_ = ? and REV_ = ? 
2016-09-06 12:15:01.308 [main] DEBUG PreparedStatement - ==> Parameters: 4(Integer), null, Interview:2:2504(String), hrmian(String), true(Boolean), false(Boolean), true(Boolean), false(Boolean), null, null, 1(Integer), 2(Integer), null, 2505(String), 3(Integer)
2016-09-06 12:15:01.309 [main] DEBUG Connection - ooo Using Connection [jdbc:mysql://localhost:3306/jeecg, UserName=root@localhost, MySQL Connector Java]
2016-09-06 12:15:01.309 [main] DEBUG Connection - ==>  Preparing: update ACT_HI_ACTINST set EXECUTION_ID_ = ?, ASSIGNEE_ = ?, END_TIME_ = ?, DURATION_ = ? where ID_ = ? 
2016-09-06 12:15:01.310 [main] DEBUG PreparedStatement - ==> Parameters: 2505(String), ??(String), 2016-09-06 12:15:01.299(Timestamp), 299(Long), 2515(String)
2016-09-06 12:15:01.311 [main] DEBUG Connection - ooo Using Connection [jdbc:mysql://localhost:3306/jeecg, UserName=root@localhost, MySQL Connector Java]
2016-09-06 12:15:01.311 [main] DEBUG Connection - ==>  Preparing: update ACT_HI_TASKINST set EXECUTION_ID_ = ?, NAME_ = ?, PARENT_TASK_ID_ = ?, DESCRIPTION_ = ?, OWNER_ = ?, ASSIGNEE_ = ?, CLAIM_TIME_ = ?, END_TIME_ = ?, DURATION_ = ?, DELETE_REASON_ = ?, TASK_DEF_KEY_ = ?, FORM_KEY_ = ?, PRIORITY_ = ?, DUE_DATE_ = ?, CATEGORY_ = ? where ID_ = ? 
2016-09-06 12:15:01.312 [main] DEBUG PreparedStatement - ==> Parameters: 2505(String), ????(String), null, null, null, ??(String), 2016-09-06 12:15:01.0(Timestamp), 2016-09-06 12:15:01.292(Timestamp), 292(Long), completed(String), ermian(String), null, 50(Integer), null, null, 2516(String)
2016-09-06 12:15:01.313 [main] DEBUG Connection - ooo Using Connection [jdbc:mysql://localhost:3306/jeecg, UserName=root@localhost, MySQL Connector Java]
2016-09-06 12:15:01.313 [main] DEBUG Connection - ==>  Preparing: delete from ACT_RU_IDENTITYLINK where ID_ = ? 
2016-09-06 12:15:01.313 [main] DEBUG PreparedStatement - ==> Parameters: 2517(String)
2016-09-06 12:15:01.314 [main] DEBUG Connection - ooo Using Connection [jdbc:mysql://localhost:3306/jeecg, UserName=root@localhost, MySQL Connector Java]
2016-09-06 12:15:01.314 [main] DEBUG Connection - ==>  Preparing: delete from ACT_RU_TASK where ID_ = ? and REV_ = ? 
2016-09-06 12:15:01.314 [main] DEBUG PreparedStatement - ==> Parameters: 2516(String), 2(Integer)
2016-09-06 12:15:01.317 [main] DEBUG Connection - ooo Using Connection [jdbc:mysql://localhost:3306/jeecg, UserName=root@localhost, MySQL Connector Java]
2016-09-06 12:15:01.317 [main] DEBUG Connection - ==>  Preparing: select count(distinct RES.ID_) from ACT_RU_TASK RES WHERE RES.ASSIGNEE_ = ? 
2016-09-06 12:15:01.317 [main] DEBUG PreparedStatement - ==> Parameters: 李四(String)
2016-09-06 12:15:01.319 [main] DEBUG Connection - ooo Using Connection [jdbc:mysql://localhost:3306/jeecg, UserName=root@localhost, MySQL Connector Java]
2016-09-06 12:15:01.319 [main] DEBUG Connection - ==>  Preparing: select distinct RES.* from ACT_RU_TASK RES inner join ACT_RU_IDENTITYLINK I on I.TASK_ID_ = RES.ID_ WHERE RES.ASSIGNEE_ is null and I.TYPE_ = 'candidate' and ( I.GROUP_ID_ IN ( ? ) ) order by RES.ID_ asc LIMIT ? OFFSET ? 
2016-09-06 12:15:01.319 [main] DEBUG PreparedStatement - ==> Parameters: 人力资源部(String), 2147483647(Integer), 0(Integer)
2016-09-06 12:15:01.321 [main] DEBUG Connection - ooo Using Connection [jdbc:mysql://localhost:3306/jeecg, UserName=root@localhost, MySQL Connector Java]
2016-09-06 12:15:01.321 [main] DEBUG Connection - ==>  Preparing: select * from ACT_RU_TASK where ID_ = ? 
2016-09-06 12:15:01.321 [main] DEBUG PreparedStatement - ==> Parameters: 2520(String)
2016-09-06 12:15:01.323 [main] DEBUG Connection - ooo Using Connection [jdbc:mysql://localhost:3306/jeecg, UserName=root@localhost, MySQL Connector Java]
2016-09-06 12:15:01.323 [main] DEBUG Connection - ==>  Preparing: select * from ACT_HI_TASKINST where ID_ = ? 
2016-09-06 12:15:01.323 [main] DEBUG PreparedStatement - ==> Parameters: 2520(String)
2016-09-06 12:15:01.324 [main] DEBUG Connection - ooo Using Connection [jdbc:mysql://localhost:3306/jeecg, UserName=root@localhost, MySQL Connector Java]
2016-09-06 12:15:01.324 [main] DEBUG Connection - ==>  Preparing: select * from ACT_RU_EXECUTION where ID_ = ? 
2016-09-06 12:15:01.325 [main] DEBUG PreparedStatement - ==> Parameters: 2505(String)
2016-09-06 12:15:01.326 [main] DEBUG Connection - ooo Using Connection [jdbc:mysql://localhost:3306/jeecg, UserName=root@localhost, MySQL Connector Java]
2016-09-06 12:15:01.326 [main] DEBUG Connection - ==>  Preparing: select * from ACT_RU_IDENTITYLINK where PROC_INST_ID_ = ? 
2016-09-06 12:15:01.326 [main] DEBUG PreparedStatement - ==> Parameters: 2505(String)
2016-09-06 12:15:01.328 [main] DEBUG Connection - ooo Using Connection [jdbc:mysql://localhost:3306/jeecg, UserName=root@localhost, MySQL Connector Java]
2016-09-06 12:15:01.328 [main] DEBUG Connection - ==>  Preparing: select RES.* from ACT_HI_ACTINST RES WHERE RES.EXECUTION_ID_ = ? and RES.ACT_ID_ = ? and RES.END_TIME_ is null order by RES.ID_ asc LIMIT ? OFFSET ? 
2016-09-06 12:15:01.328 [main] DEBUG PreparedStatement - ==> Parameters: 2505(String), hrmian(String), 1(Integer), 0(Integer)
2016-09-06 12:15:01.330 [main] DEBUG Connection - ooo Using Connection [jdbc:mysql://localhost:3306/jeecg, UserName=root@localhost, MySQL Connector Java]
2016-09-06 12:15:01.330 [main] DEBUG Connection - ==>  Preparing: insert into ACT_HI_IDENTITYLINK (ID_, TYPE_, USER_ID_, GROUP_ID_, TASK_ID_, PROC_INST_ID_) values (?, ?, ?, ?, ?, ?) 
2016-09-06 12:15:01.330 [main] DEBUG PreparedStatement - ==> Parameters: 2522(String), participant(String), 李四(String), null, null, 2505(String)
2016-09-06 12:15:01.331 [main] DEBUG Connection - ooo Using Connection [jdbc:mysql://localhost:3306/jeecg, UserName=root@localhost, MySQL Connector Java]
2016-09-06 12:15:01.331 [main] DEBUG Connection - ==>  Preparing: insert into ACT_RU_IDENTITYLINK (ID_, REV_, TYPE_, USER_ID_, GROUP_ID_, TASK_ID_, PROC_INST_ID_, PROC_DEF_ID_) values (?, 1, ?, ?, ?, ?, ?, ?) 
2016-09-06 12:15:01.332 [main] DEBUG PreparedStatement - ==> Parameters: 2522(String), participant(String), 李四(String), null, null, 2505(String), null
2016-09-06 12:15:01.333 [main] DEBUG Connection - ooo Using Connection [jdbc:mysql://localhost:3306/jeecg, UserName=root@localhost, MySQL Connector Java]
2016-09-06 12:15:01.333 [main] DEBUG Connection - ==>  Preparing: update ACT_HI_ACTINST set EXECUTION_ID_ = ?, ASSIGNEE_ = ?, END_TIME_ = ?, DURATION_ = ? where ID_ = ? 
2016-09-06 12:15:01.333 [main] DEBUG PreparedStatement - ==> Parameters: 2505(String), 李四(String), null, null, 2519(String)
2016-09-06 12:15:01.334 [main] DEBUG Connection - ooo Using Connection [jdbc:mysql://localhost:3306/jeecg, UserName=root@localhost, MySQL Connector Java]
2016-09-06 12:15:01.334 [main] DEBUG Connection - ==>  Preparing: update ACT_RU_TASK SET REV_ = ?, NAME_ = ?, PARENT_TASK_ID_ = ?, PRIORITY_ = ?, CREATE_TIME_ = ?, OWNER_ = ?, ASSIGNEE_ = ?, DELEGATION_ = ?, EXECUTION_ID_ = ?, PROC_DEF_ID_ = ?, DESCRIPTION_ = ?, DUE_DATE_ = ?, CATEGORY_ = ?, SUSPENSION_STATE_ = ?, FORM_KEY_ = ? where ID_= ? and REV_ = ? 
2016-09-06 12:15:01.335 [main] DEBUG PreparedStatement - ==> Parameters: 2(Integer), Hr ??(String), null, 50(Integer), 2016-09-06 12:15:01.0(Timestamp), null, 李四(String), null, 2505(String), Interview:2:2504(String), null, null, null, 1(Integer), null, 2520(String), 1(Integer)
2016-09-06 12:15:01.336 [main] DEBUG Connection - ooo Using Connection [jdbc:mysql://localhost:3306/jeecg, UserName=root@localhost, MySQL Connector Java]
2016-09-06 12:15:01.336 [main] DEBUG Connection - ==>  Preparing: update ACT_HI_TASKINST set EXECUTION_ID_ = ?, NAME_ = ?, PARENT_TASK_ID_ = ?, DESCRIPTION_ = ?, OWNER_ = ?, ASSIGNEE_ = ?, CLAIM_TIME_ = ?, END_TIME_ = ?, DURATION_ = ?, DELETE_REASON_ = ?, TASK_DEF_KEY_ = ?, FORM_KEY_ = ?, PRIORITY_ = ?, DUE_DATE_ = ?, CATEGORY_ = ? where ID_ = ? 
2016-09-06 12:15:01.337 [main] DEBUG PreparedStatement - ==> Parameters: 2505(String), Hr ??(String), null, null, null, 李四(String), 2016-09-06 12:15:01.329(Timestamp), null, null, null, hrmian(String), null, 50(Integer), null, null, 2520(String)
2016-09-06 12:15:01.339 [main] DEBUG Connection - ooo Using Connection [jdbc:mysql://localhost:3306/jeecg, UserName=root@localhost, MySQL Connector Java]
2016-09-06 12:15:01.339 [main] DEBUG Connection - ==>  Preparing: select count(distinct RES.ID_) from ACT_RU_TASK RES WHERE RES.ASSIGNEE_ = ? 
2016-09-06 12:15:01.339 [main] DEBUG PreparedStatement - ==> Parameters: 李四(String)
2016-09-06 12:15:01.341 [main] DEBUG Connection - ooo Using Connection [jdbc:mysql://localhost:3306/jeecg, UserName=root@localhost, MySQL Connector Java]
2016-09-06 12:15:01.341 [main] DEBUG Connection - ==>  Preparing: select * from ACT_RU_TASK where ID_ = ? 
2016-09-06 12:15:01.341 [main] DEBUG PreparedStatement - ==> Parameters: 2520(String)
2016-09-06 12:15:01.345 [main] DEBUG Connection - ooo Using Connection [jdbc:mysql://localhost:3306/jeecg, UserName=root@localhost, MySQL Connector Java]
2016-09-06 12:15:01.345 [main] DEBUG Connection - ==>  Preparing: select * from ACT_RU_TASK where PARENT_TASK_ID_ = ? 
2016-09-06 12:15:01.345 [main] DEBUG PreparedStatement - ==> Parameters: 2520(String)
2016-09-06 12:15:01.346 [main] DEBUG Connection - ooo Using Connection [jdbc:mysql://localhost:3306/jeecg, UserName=root@localhost, MySQL Connector Java]
2016-09-06 12:15:01.347 [main] DEBUG Connection - ==>  Preparing: select * from ACT_RU_IDENTITYLINK where TASK_ID_ = ? 
2016-09-06 12:15:01.347 [main] DEBUG PreparedStatement - ==> Parameters: 2520(String)
2016-09-06 12:15:01.348 [main] DEBUG Connection - ooo Using Connection [jdbc:mysql://localhost:3306/jeecg, UserName=root@localhost, MySQL Connector Java]
2016-09-06 12:15:01.348 [main] DEBUG Connection - ==>  Preparing: select * from ACT_RU_VARIABLE where TASK_ID_ = ? 
2016-09-06 12:15:01.348 [main] DEBUG PreparedStatement - ==> Parameters: 2520(String)
2016-09-06 12:15:01.349 [main] DEBUG Connection - ooo Using Connection [jdbc:mysql://localhost:3306/jeecg, UserName=root@localhost, MySQL Connector Java]
2016-09-06 12:15:01.349 [main] DEBUG Connection - ==>  Preparing: select * from ACT_HI_TASKINST where ID_ = ? 
2016-09-06 12:15:01.349 [main] DEBUG PreparedStatement - ==> Parameters: 2520(String)
2016-09-06 12:15:01.351 [main] DEBUG Connection - ooo Using Connection [jdbc:mysql://localhost:3306/jeecg, UserName=root@localhost, MySQL Connector Java]
2016-09-06 12:15:01.351 [main] DEBUG Connection - ==>  Preparing: select * from ACT_RU_EXECUTION where ID_ = ? 
2016-09-06 12:15:01.351 [main] DEBUG PreparedStatement - ==> Parameters: 2505(String)
2016-09-06 12:15:01.352 [main] DEBUG Connection - ooo Using Connection [jdbc:mysql://localhost:3306/jeecg, UserName=root@localhost, MySQL Connector Java]
2016-09-06 12:15:01.352 [main] DEBUG Connection - ==>  Preparing: select distinct T.* from ACT_RU_TASK T where T.EXECUTION_ID_ = ? 
2016-09-06 12:15:01.353 [main] DEBUG PreparedStatement - ==> Parameters: 2505(String)
2016-09-06 12:15:01.355 [main] DEBUG Connection - ooo Using Connection [jdbc:mysql://localhost:3306/jeecg, UserName=root@localhost, MySQL Connector Java]
2016-09-06 12:15:01.355 [main] DEBUG Connection - ==>  Preparing: select RES.* from ACT_HI_ACTINST RES WHERE RES.EXECUTION_ID_ = ? and RES.ACT_ID_ = ? and RES.END_TIME_ is null order by RES.ID_ asc LIMIT ? OFFSET ? 
2016-09-06 12:15:01.355 [main] DEBUG PreparedStatement - ==> Parameters: 2505(String), hrmian(String), 1(Integer), 0(Integer)
2016-09-06 12:15:01.357 [main] DEBUG Connection - ooo Using Connection [jdbc:mysql://localhost:3306/jeecg, UserName=root@localhost, MySQL Connector Java]
2016-09-06 12:15:01.357 [main] DEBUG Connection - ==>  Preparing: insert into ACT_HI_TASKINST ( ID_, PROC_DEF_ID_, PROC_INST_ID_, EXECUTION_ID_, NAME_, PARENT_TASK_ID_, DESCRIPTION_, OWNER_, ASSIGNEE_, START_TIME_, CLAIM_TIME_, END_TIME_, DURATION_, DELETE_REASON_, TASK_DEF_KEY_, FORM_KEY_, PRIORITY_, DUE_DATE_, CATEGORY_, TENANT_ID_ ) values ( ?, ?, ?, ?, ?, ?, ?, ?, ?, ?, ?, ?, ?, ?, ?, ?, ?, ?, ?, ? ) 
2016-09-06 12:15:01.358 [main] DEBUG PreparedStatement - ==> Parameters: 2524(String), Interview:2:2504(String), 2505(String), 2505(String), 录用，发放Offer(String), null, null, null, null, 2016-09-06 12:15:01.357(Timestamp), null, null, null, null, luyong(String), null, 50(Integer), null, null, (String)
2016-09-06 12:15:01.359 [main] DEBUG Connection - ooo Using Connection [jdbc:mysql://localhost:3306/jeecg, UserName=root@localhost, MySQL Connector Java]
2016-09-06 12:15:01.359 [main] DEBUG Connection - ==>  Preparing: insert into ACT_HI_ACTINST ( ID_, PROC_DEF_ID_, PROC_INST_ID_, EXECUTION_ID_, ACT_ID_, TASK_ID_, CALL_PROC_INST_ID_, ACT_NAME_, ACT_TYPE_, ASSIGNEE_, START_TIME_, END_TIME_, DURATION_, TENANT_ID_ ) values ( ?, ?, ?, ?, ?, ?, ?, ?, ?, ?, ?, ?, ?, ? ) 
2016-09-06 12:15:01.360 [main] DEBUG PreparedStatement - ==> Parameters: 2523(String), Interview:2:2504(String), 2505(String), 2505(String), luyong(String), 2524(String), null, 录用，发放Offer(String), userTask(String), null, 2016-09-06 12:15:01.357(Timestamp), null, null, (String)
2016-09-06 12:15:01.361 [main] DEBUG Connection - ooo Using Connection [jdbc:mysql://localhost:3306/jeecg, UserName=root@localhost, MySQL Connector Java]
2016-09-06 12:15:01.361 [main] DEBUG Connection - ==>  Preparing: insert into ACT_HI_IDENTITYLINK (ID_, TYPE_, USER_ID_, GROUP_ID_, TASK_ID_, PROC_INST_ID_) values (?, ?, ?, ?, ?, ?) 
2016-09-06 12:15:01.361 [main] DEBUG PreparedStatement - ==> Parameters: 2525(String), candidate(String), null, 人力资源部(String), 2524(String), null
2016-09-06 12:15:01.362 [main] DEBUG Connection - ooo Using Connection [jdbc:mysql://localhost:3306/jeecg, UserName=root@localhost, MySQL Connector Java]
2016-09-06 12:15:01.362 [main] DEBUG Connection - ==>  Preparing: insert into ACT_RU_TASK (ID_, REV_, NAME_, PARENT_TASK_ID_, DESCRIPTION_, PRIORITY_, CREATE_TIME_, OWNER_, ASSIGNEE_, DELEGATION_, EXECUTION_ID_, PROC_INST_ID_, PROC_DEF_ID_, TASK_DEF_KEY_, DUE_DATE_, CATEGORY_, SUSPENSION_STATE_, TENANT_ID_, FORM_KEY_) values (?, 1, ?, ?, ?, ?, ?, ?, ?, ?, ?, ?, ?, ?, ?, ?, ?, ?, ? ) 
2016-09-06 12:15:01.362 [main] DEBUG PreparedStatement - ==> Parameters: 2524(String), 录用，发放Offer(String), null, null, 50(Integer), 2016-09-06 12:15:01.357(Timestamp), null, null, null, 2505(String), 2505(String), Interview:2:2504(String), luyong(String), null, null, 1(Integer), (String), null
2016-09-06 12:15:01.363 [main] DEBUG Connection - ooo Using Connection [jdbc:mysql://localhost:3306/jeecg, UserName=root@localhost, MySQL Connector Java]
2016-09-06 12:15:01.363 [main] DEBUG Connection - ==>  Preparing: insert into ACT_RU_IDENTITYLINK (ID_, REV_, TYPE_, USER_ID_, GROUP_ID_, TASK_ID_, PROC_INST_ID_, PROC_DEF_ID_) values (?, 1, ?, ?, ?, ?, ?, ?) 
2016-09-06 12:15:01.364 [main] DEBUG PreparedStatement - ==> Parameters: 2525(String), candidate(String), null, 人力资源部(String), 2524(String), null, null
2016-09-06 12:15:01.365 [main] DEBUG Connection - ooo Using Connection [jdbc:mysql://localhost:3306/jeecg, UserName=root@localhost, MySQL Connector Java]
2016-09-06 12:15:01.365 [main] DEBUG Connection - ==>  Preparing: update ACT_RU_EXECUTION set REV_ = ?, BUSINESS_KEY_ = ?, PROC_DEF_ID_ = ?, ACT_ID_ = ?, IS_ACTIVE_ = ?, IS_CONCURRENT_ = ?, IS_SCOPE_ = ?, IS_EVENT_SCOPE_ = ?, PARENT_ID_ = ?, SUPER_EXEC_ = ?, SUSPENSION_STATE_ = ?, CACHED_ENT_STATE_ = ?, NAME_ = ? where ID_ = ? and REV_ = ? 
2016-09-06 12:15:01.365 [main] DEBUG PreparedStatement - ==> Parameters: 5(Integer), null, Interview:2:2504(String), luyong(String), true(Boolean), false(Boolean), true(Boolean), false(Boolean), null, null, 1(Integer), 2(Integer), null, 2505(String), 4(Integer)
2016-09-06 12:15:01.366 [main] DEBUG Connection - ooo Using Connection [jdbc:mysql://localhost:3306/jeecg, UserName=root@localhost, MySQL Connector Java]
2016-09-06 12:15:01.366 [main] DEBUG Connection - ==>  Preparing: update ACT_HI_ACTINST set EXECUTION_ID_ = ?, ASSIGNEE_ = ?, END_TIME_ = ?, DURATION_ = ? where ID_ = ? 
2016-09-06 12:15:01.366 [main] DEBUG PreparedStatement - ==> Parameters: 2505(String), ??(String), 2016-09-06 12:15:01.356(Timestamp), 356(Long), 2519(String)
2016-09-06 12:15:01.367 [main] DEBUG Connection - ooo Using Connection [jdbc:mysql://localhost:3306/jeecg, UserName=root@localhost, MySQL Connector Java]
2016-09-06 12:15:01.367 [main] DEBUG Connection - ==>  Preparing: update ACT_HI_TASKINST set EXECUTION_ID_ = ?, NAME_ = ?, PARENT_TASK_ID_ = ?, DESCRIPTION_ = ?, OWNER_ = ?, ASSIGNEE_ = ?, CLAIM_TIME_ = ?, END_TIME_ = ?, DURATION_ = ?, DELETE_REASON_ = ?, TASK_DEF_KEY_ = ?, FORM_KEY_ = ?, PRIORITY_ = ?, DUE_DATE_ = ?, CATEGORY_ = ? where ID_ = ? 
2016-09-06 12:15:01.367 [main] DEBUG PreparedStatement - ==> Parameters: 2505(String), Hr ??(String), null, null, null, ??(String), 2016-09-06 12:15:01.0(Timestamp), 2016-09-06 12:15:01.35(Timestamp), 350(Long), completed(String), hrmian(String), null, 50(Integer), null, null, 2520(String)
2016-09-06 12:15:01.369 [main] DEBUG Connection - ooo Using Connection [jdbc:mysql://localhost:3306/jeecg, UserName=root@localhost, MySQL Connector Java]
2016-09-06 12:15:01.369 [main] DEBUG Connection - ==>  Preparing: delete from ACT_RU_IDENTITYLINK where ID_ = ? 
2016-09-06 12:15:01.369 [main] DEBUG PreparedStatement - ==> Parameters: 2521(String)
2016-09-06 12:15:01.370 [main] DEBUG Connection - ooo Using Connection [jdbc:mysql://localhost:3306/jeecg, UserName=root@localhost, MySQL Connector Java]
2016-09-06 12:15:01.370 [main] DEBUG Connection - ==>  Preparing: delete from ACT_RU_TASK where ID_ = ? and REV_ = ? 
2016-09-06 12:15:01.370 [main] DEBUG PreparedStatement - ==> Parameters: 2520(String), 2(Integer)
2016-09-06 12:15:01.372 [main] DEBUG Connection - ooo Using Connection [jdbc:mysql://localhost:3306/jeecg, UserName=root@localhost, MySQL Connector Java]
2016-09-06 12:15:01.372 [main] DEBUG Connection - ==>  Preparing: select count(distinct RES.ID_) from ACT_RU_TASK RES WHERE RES.ASSIGNEE_ = ? 
2016-09-06 12:15:01.372 [main] DEBUG PreparedStatement - ==> Parameters: 李四(String)
2016-09-06 12:15:01.374 [main] DEBUG Connection - ooo Using Connection [jdbc:mysql://localhost:3306/jeecg, UserName=root@localhost, MySQL Connector Java]
2016-09-06 12:15:01.374 [main] DEBUG Connection - ==>  Preparing: select distinct RES.* from ACT_RU_TASK RES inner join ACT_RU_IDENTITYLINK I on I.TASK_ID_ = RES.ID_ WHERE RES.ASSIGNEE_ is null and I.TYPE_ = 'candidate' and ( I.GROUP_ID_ IN ( ? ) ) order by RES.ID_ asc LIMIT ? OFFSET ? 
2016-09-06 12:15:01.374 [main] DEBUG PreparedStatement - ==> Parameters: 人力资源部(String), 2147483647(Integer), 0(Integer)
2016-09-06 12:15:01.377 [main] DEBUG Connection - ooo Using Connection [jdbc:mysql://localhost:3306/jeecg, UserName=root@localhost, MySQL Connector Java]
2016-09-06 12:15:01.377 [main] DEBUG Connection - ==>  Preparing: select * from ACT_RU_TASK where ID_ = ? 
2016-09-06 12:15:01.377 [main] DEBUG PreparedStatement - ==> Parameters: 2524(String)
2016-09-06 12:15:01.378 [main] DEBUG Connection - ooo Using Connection [jdbc:mysql://localhost:3306/jeecg, UserName=root@localhost, MySQL Connector Java]
2016-09-06 12:15:01.378 [main] DEBUG Connection - ==>  Preparing: select * from ACT_HI_TASKINST where ID_ = ? 
2016-09-06 12:15:01.379 [main] DEBUG PreparedStatement - ==> Parameters: 2524(String)
2016-09-06 12:15:01.380 [main] DEBUG Connection - ooo Using Connection [jdbc:mysql://localhost:3306/jeecg, UserName=root@localhost, MySQL Connector Java]
2016-09-06 12:15:01.380 [main] DEBUG Connection - ==>  Preparing: select * from ACT_RU_EXECUTION where ID_ = ? 
2016-09-06 12:15:01.380 [main] DEBUG PreparedStatement - ==> Parameters: 2505(String)
2016-09-06 12:15:01.381 [main] DEBUG Connection - ooo Using Connection [jdbc:mysql://localhost:3306/jeecg, UserName=root@localhost, MySQL Connector Java]
2016-09-06 12:15:01.381 [main] DEBUG Connection - ==>  Preparing: select * from ACT_RU_IDENTITYLINK where PROC_INST_ID_ = ? 
2016-09-06 12:15:01.382 [main] DEBUG PreparedStatement - ==> Parameters: 2505(String)
2016-09-06 12:15:01.383 [main] DEBUG Connection - ooo Using Connection [jdbc:mysql://localhost:3306/jeecg, UserName=root@localhost, MySQL Connector Java]
2016-09-06 12:15:01.383 [main] DEBUG Connection - ==>  Preparing: select RES.* from ACT_HI_ACTINST RES WHERE RES.EXECUTION_ID_ = ? and RES.ACT_ID_ = ? and RES.END_TIME_ is null order by RES.ID_ asc LIMIT ? OFFSET ? 
2016-09-06 12:15:01.383 [main] DEBUG PreparedStatement - ==> Parameters: 2505(String), luyong(String), 1(Integer), 0(Integer)
2016-09-06 12:15:01.385 [main] DEBUG Connection - ooo Using Connection [jdbc:mysql://localhost:3306/jeecg, UserName=root@localhost, MySQL Connector Java]
2016-09-06 12:15:01.385 [main] DEBUG Connection - ==>  Preparing: insert into ACT_HI_IDENTITYLINK (ID_, TYPE_, USER_ID_, GROUP_ID_, TASK_ID_, PROC_INST_ID_) values (?, ?, ?, ?, ?, ?) 
2016-09-06 12:15:01.385 [main] DEBUG PreparedStatement - ==> Parameters: 2526(String), participant(String), 李四(String), null, null, 2505(String)
2016-09-06 12:15:01.386 [main] DEBUG Connection - ooo Using Connection [jdbc:mysql://localhost:3306/jeecg, UserName=root@localhost, MySQL Connector Java]
2016-09-06 12:15:01.386 [main] DEBUG Connection - ==>  Preparing: insert into ACT_RU_IDENTITYLINK (ID_, REV_, TYPE_, USER_ID_, GROUP_ID_, TASK_ID_, PROC_INST_ID_, PROC_DEF_ID_) values (?, 1, ?, ?, ?, ?, ?, ?) 
2016-09-06 12:15:01.386 [main] DEBUG PreparedStatement - ==> Parameters: 2526(String), participant(String), 李四(String), null, null, 2505(String), null
2016-09-06 12:15:01.387 [main] DEBUG Connection - ooo Using Connection [jdbc:mysql://localhost:3306/jeecg, UserName=root@localhost, MySQL Connector Java]
2016-09-06 12:15:01.387 [main] DEBUG Connection - ==>  Preparing: update ACT_HI_ACTINST set EXECUTION_ID_ = ?, ASSIGNEE_ = ?, END_TIME_ = ?, DURATION_ = ? where ID_ = ? 
2016-09-06 12:15:01.387 [main] DEBUG PreparedStatement - ==> Parameters: 2505(String), 李四(String), null, null, 2523(String)
2016-09-06 12:15:01.388 [main] DEBUG Connection - ooo Using Connection [jdbc:mysql://localhost:3306/jeecg, UserName=root@localhost, MySQL Connector Java]
2016-09-06 12:15:01.388 [main] DEBUG Connection - ==>  Preparing: update ACT_RU_TASK SET REV_ = ?, NAME_ = ?, PARENT_TASK_ID_ = ?, PRIORITY_ = ?, CREATE_TIME_ = ?, OWNER_ = ?, ASSIGNEE_ = ?, DELEGATION_ = ?, EXECUTION_ID_ = ?, PROC_DEF_ID_ = ?, DESCRIPTION_ = ?, DUE_DATE_ = ?, CATEGORY_ = ?, SUSPENSION_STATE_ = ?, FORM_KEY_ = ? where ID_= ? and REV_ = ? 
2016-09-06 12:15:01.389 [main] DEBUG PreparedStatement - ==> Parameters: 2(Integer), ?????Offer(String), null, 50(Integer), 2016-09-06 12:15:01.0(Timestamp), null, 李四(String), null, 2505(String), Interview:2:2504(String), null, null, null, 1(Integer), null, 2524(String), 1(Integer)
2016-09-06 12:15:01.390 [main] DEBUG Connection - ooo Using Connection [jdbc:mysql://localhost:3306/jeecg, UserName=root@localhost, MySQL Connector Java]
2016-09-06 12:15:01.390 [main] DEBUG Connection - ==>  Preparing: update ACT_HI_TASKINST set EXECUTION_ID_ = ?, NAME_ = ?, PARENT_TASK_ID_ = ?, DESCRIPTION_ = ?, OWNER_ = ?, ASSIGNEE_ = ?, CLAIM_TIME_ = ?, END_TIME_ = ?, DURATION_ = ?, DELETE_REASON_ = ?, TASK_DEF_KEY_ = ?, FORM_KEY_ = ?, PRIORITY_ = ?, DUE_DATE_ = ?, CATEGORY_ = ? where ID_ = ? 
2016-09-06 12:15:01.390 [main] DEBUG PreparedStatement - ==> Parameters: 2505(String), ?????Offer(String), null, null, null, 李四(String), 2016-09-06 12:15:01.384(Timestamp), null, null, null, luyong(String), null, 50(Integer), null, null, 2524(String)
2016-09-06 12:15:01.392 [main] DEBUG Connection - ooo Using Connection [jdbc:mysql://localhost:3306/jeecg, UserName=root@localhost, MySQL Connector Java]
2016-09-06 12:15:01.392 [main] DEBUG Connection - ==>  Preparing: select count(distinct RES.ID_) from ACT_RU_TASK RES WHERE RES.ASSIGNEE_ = ? 
2016-09-06 12:15:01.392 [main] DEBUG PreparedStatement - ==> Parameters: 李四(String)
2016-09-06 12:15:01.394 [main] DEBUG Connection - ooo Using Connection [jdbc:mysql://localhost:3306/jeecg, UserName=root@localhost, MySQL Connector Java]
2016-09-06 12:15:01.394 [main] DEBUG Connection - ==>  Preparing: select * from ACT_RU_TASK where ID_ = ? 
2016-09-06 12:15:01.394 [main] DEBUG PreparedStatement - ==> Parameters: 2524(String)
2016-09-06 12:15:01.396 [main] DEBUG Connection - ooo Using Connection [jdbc:mysql://localhost:3306/jeecg, UserName=root@localhost, MySQL Connector Java]
2016-09-06 12:15:01.396 [main] DEBUG Connection - ==>  Preparing: select * from ACT_RU_TASK where PARENT_TASK_ID_ = ? 
2016-09-06 12:15:01.396 [main] DEBUG PreparedStatement - ==> Parameters: 2524(String)
2016-09-06 12:15:01.397 [main] DEBUG Connection - ooo Using Connection [jdbc:mysql://localhost:3306/jeecg, UserName=root@localhost, MySQL Connector Java]
2016-09-06 12:15:01.397 [main] DEBUG Connection - ==>  Preparing: select * from ACT_RU_IDENTITYLINK where TASK_ID_ = ? 
2016-09-06 12:15:01.397 [main] DEBUG PreparedStatement - ==> Parameters: 2524(String)
2016-09-06 12:15:01.398 [main] DEBUG Connection - ooo Using Connection [jdbc:mysql://localhost:3306/jeecg, UserName=root@localhost, MySQL Connector Java]
2016-09-06 12:15:01.398 [main] DEBUG Connection - ==>  Preparing: select * from ACT_RU_VARIABLE where TASK_ID_ = ? 
2016-09-06 12:15:01.398 [main] DEBUG PreparedStatement - ==> Parameters: 2524(String)
2016-09-06 12:15:01.399 [main] DEBUG Connection - ooo Using Connection [jdbc:mysql://localhost:3306/jeecg, UserName=root@localhost, MySQL Connector Java]
2016-09-06 12:15:01.399 [main] DEBUG Connection - ==>  Preparing: select * from ACT_HI_TASKINST where ID_ = ? 
2016-09-06 12:15:01.399 [main] DEBUG PreparedStatement - ==> Parameters: 2524(String)
2016-09-06 12:15:01.400 [main] DEBUG Connection - ooo Using Connection [jdbc:mysql://localhost:3306/jeecg, UserName=root@localhost, MySQL Connector Java]
2016-09-06 12:15:01.401 [main] DEBUG Connection - ==>  Preparing: select * from ACT_RU_EXECUTION where ID_ = ? 
2016-09-06 12:15:01.401 [main] DEBUG PreparedStatement - ==> Parameters: 2505(String)
2016-09-06 12:15:01.402 [main] DEBUG Connection - ooo Using Connection [jdbc:mysql://localhost:3306/jeecg, UserName=root@localhost, MySQL Connector Java]
2016-09-06 12:15:01.402 [main] DEBUG Connection - ==>  Preparing: select distinct T.* from ACT_RU_TASK T where T.EXECUTION_ID_ = ? 
2016-09-06 12:15:01.402 [main] DEBUG PreparedStatement - ==> Parameters: 2505(String)
2016-09-06 12:15:01.404 [main] DEBUG Connection - ooo Using Connection [jdbc:mysql://localhost:3306/jeecg, UserName=root@localhost, MySQL Connector Java]
2016-09-06 12:15:01.404 [main] DEBUG Connection - ==>  Preparing: select RES.* from ACT_HI_ACTINST RES WHERE RES.EXECUTION_ID_ = ? and RES.ACT_ID_ = ? and RES.END_TIME_ is null order by RES.ID_ asc LIMIT ? OFFSET ? 
2016-09-06 12:15:01.404 [main] DEBUG PreparedStatement - ==> Parameters: 2505(String), luyong(String), 1(Integer), 0(Integer)
2016-09-06 12:15:01.405 [main] DEBUG Connection - ooo Using Connection [jdbc:mysql://localhost:3306/jeecg, UserName=root@localhost, MySQL Connector Java]
2016-09-06 12:15:01.406 [main] DEBUG Connection - ==>  Preparing: select * from ACT_HI_PROCINST where PROC_INST_ID_ = ? 
2016-09-06 12:15:01.406 [main] DEBUG PreparedStatement - ==> Parameters: 2505(String)
2016-09-06 12:15:01.407 [main] DEBUG Connection - ooo Using Connection [jdbc:mysql://localhost:3306/jeecg, UserName=root@localhost, MySQL Connector Java]
2016-09-06 12:15:01.407 [main] DEBUG Connection - ==>  Preparing: select * from ACT_RU_VARIABLE where EXECUTION_ID_ = ? and TASK_ID_ is null 
2016-09-06 12:15:01.407 [main] DEBUG PreparedStatement - ==> Parameters: 2505(String)
2016-09-06 12:15:01.409 [main] DEBUG Connection - ooo Using Connection [jdbc:mysql://localhost:3306/jeecg, UserName=root@localhost, MySQL Connector Java]
2016-09-06 12:15:01.409 [main] DEBUG Connection - ==>  Preparing: select * from ACT_RU_EXECUTION where PARENT_ID_ = ? 
2016-09-06 12:15:01.409 [main] DEBUG PreparedStatement - ==> Parameters: 2505(String)
2016-09-06 12:15:01.410 [main] DEBUG Connection - ooo Using Connection [jdbc:mysql://localhost:3306/jeecg, UserName=root@localhost, MySQL Connector Java]
2016-09-06 12:15:01.410 [main] DEBUG Connection - ==>  Preparing: select * from ACT_RU_IDENTITYLINK where PROC_INST_ID_ = ? 
2016-09-06 12:15:01.410 [main] DEBUG PreparedStatement - ==> Parameters: 2505(String)
2016-09-06 12:15:01.412 [main] DEBUG Connection - ooo Using Connection [jdbc:mysql://localhost:3306/jeecg, UserName=root@localhost, MySQL Connector Java]
2016-09-06 12:15:01.412 [main] DEBUG Connection - ==>  Preparing: insert into ACT_HI_ACTINST ( ID_, PROC_DEF_ID_, PROC_INST_ID_, EXECUTION_ID_, ACT_ID_, TASK_ID_, CALL_PROC_INST_ID_, ACT_NAME_, ACT_TYPE_, ASSIGNEE_, START_TIME_, END_TIME_, DURATION_, TENANT_ID_ ) values ( ?, ?, ?, ?, ?, ?, ?, ?, ?, ?, ?, ?, ?, ? ) 
2016-09-06 12:15:01.413 [main] DEBUG PreparedStatement - ==> Parameters: 2527(String), Interview:2:2504(String), 2505(String), 2505(String), end(String), null, null, 实习生招聘结束(String), endEvent(String), null, 2016-09-06 12:15:01.405(Timestamp), 2016-09-06 12:15:01.405(Timestamp), 0(Long), (String)
2016-09-06 12:15:01.414 [main] DEBUG Connection - ooo Using Connection [jdbc:mysql://localhost:3306/jeecg, UserName=root@localhost, MySQL Connector Java]
2016-09-06 12:15:01.415 [main] DEBUG Connection - ==>  Preparing: update ACT_HI_ACTINST set EXECUTION_ID_ = ?, ASSIGNEE_ = ?, END_TIME_ = ?, DURATION_ = ? where ID_ = ? 
2016-09-06 12:15:01.415 [main] DEBUG PreparedStatement - ==> Parameters: 2505(String), ??(String), 2016-09-06 12:15:01.405(Timestamp), 405(Long), 2523(String)
2016-09-06 12:15:01.416 [main] DEBUG Connection - ooo Using Connection [jdbc:mysql://localhost:3306/jeecg, UserName=root@localhost, MySQL Connector Java]
2016-09-06 12:15:01.416 [main] DEBUG Connection - ==>  Preparing: update ACT_HI_TASKINST set EXECUTION_ID_ = ?, NAME_ = ?, PARENT_TASK_ID_ = ?, DESCRIPTION_ = ?, OWNER_ = ?, ASSIGNEE_ = ?, CLAIM_TIME_ = ?, END_TIME_ = ?, DURATION_ = ?, DELETE_REASON_ = ?, TASK_DEF_KEY_ = ?, FORM_KEY_ = ?, PRIORITY_ = ?, DUE_DATE_ = ?, CATEGORY_ = ? where ID_ = ? 
2016-09-06 12:15:01.416 [main] DEBUG PreparedStatement - ==> Parameters: 2505(String), ?????Offer(String), null, null, null, ??(String), 2016-09-06 12:15:01.0(Timestamp), 2016-09-06 12:15:01.4(Timestamp), 400(Long), completed(String), luyong(String), null, 50(Integer), null, null, 2524(String)
2016-09-06 12:15:01.417 [main] DEBUG Connection - ooo Using Connection [jdbc:mysql://localhost:3306/jeecg, UserName=root@localhost, MySQL Connector Java]
2016-09-06 12:15:01.417 [main] DEBUG Connection - ==>  Preparing: update ACT_HI_PROCINST set PROC_DEF_ID_ = ?, BUSINESS_KEY_ = ?, START_TIME_ = ?, END_TIME_ = ?, DURATION_ = ?, END_ACT_ID_ = ?, DELETE_REASON_ = ?, NAME_ = ? where ID_ = ? 
2016-09-06 12:15:01.417 [main] DEBUG PreparedStatement - ==> Parameters: Interview:2:2504(String), null, 2016-09-06 12:15:01.0(Timestamp), 2016-09-06 12:15:01.407(Timestamp), 407(Long), end(String), null, null, 2505(String)
2016-09-06 12:15:01.418 [main] DEBUG Connection - ooo Using Connection [jdbc:mysql://localhost:3306/jeecg, UserName=root@localhost, MySQL Connector Java]
2016-09-06 12:15:01.418 [main] DEBUG Connection - ==>  Preparing: delete from ACT_RU_IDENTITYLINK where ID_ = ? 
2016-09-06 12:15:01.418 [main] DEBUG PreparedStatement - ==> Parameters: 2525(String)
2016-09-06 12:15:01.419 [main] DEBUG Connection - ooo Using Connection [jdbc:mysql://localhost:3306/jeecg, UserName=root@localhost, MySQL Connector Java]
2016-09-06 12:15:01.419 [main] DEBUG Connection - ==>  Preparing: delete from ACT_RU_TASK where ID_ = ? and REV_ = ? 
2016-09-06 12:15:01.419 [main] DEBUG PreparedStatement - ==> Parameters: 2524(String), 2(Integer)
2016-09-06 12:15:01.420 [main] DEBUG Connection - ooo Using Connection [jdbc:mysql://localhost:3306/jeecg, UserName=root@localhost, MySQL Connector Java]
2016-09-06 12:15:01.420 [main] DEBUG Connection - ==>  Preparing: delete from ACT_RU_IDENTITYLINK where ID_ = ? 
2016-09-06 12:15:01.420 [main] DEBUG PreparedStatement - ==> Parameters: 2510(String)
2016-09-06 12:15:01.421 [main] DEBUG Connection - ooo Using Connection [jdbc:mysql://localhost:3306/jeecg, UserName=root@localhost, MySQL Connector Java]
2016-09-06 12:15:01.421 [main] DEBUG Connection - ==>  Preparing: delete from ACT_RU_IDENTITYLINK where ID_ = ? 
2016-09-06 12:15:01.421 [main] DEBUG PreparedStatement - ==> Parameters: 2514(String)
2016-09-06 12:15:01.422 [main] DEBUG Connection - ooo Using Connection [jdbc:mysql://localhost:3306/jeecg, UserName=root@localhost, MySQL Connector Java]
2016-09-06 12:15:01.422 [main] DEBUG Connection - ==>  Preparing: delete from ACT_RU_IDENTITYLINK where ID_ = ? 
2016-09-06 12:15:01.422 [main] DEBUG PreparedStatement - ==> Parameters: 2518(String)
2016-09-06 12:15:01.423 [main] DEBUG Connection - ooo Using Connection [jdbc:mysql://localhost:3306/jeecg, UserName=root@localhost, MySQL Connector Java]
2016-09-06 12:15:01.423 [main] DEBUG Connection - ==>  Preparing: delete from ACT_RU_IDENTITYLINK where ID_ = ? 
2016-09-06 12:15:01.423 [main] DEBUG PreparedStatement - ==> Parameters: 2522(String)
2016-09-06 12:15:01.424 [main] DEBUG Connection - ooo Using Connection [jdbc:mysql://localhost:3306/jeecg, UserName=root@localhost, MySQL Connector Java]
2016-09-06 12:15:01.424 [main] DEBUG Connection - ==>  Preparing: delete from ACT_RU_IDENTITYLINK where ID_ = ? 
2016-09-06 12:15:01.424 [main] DEBUG PreparedStatement - ==> Parameters: 2526(String)
2016-09-06 12:15:01.424 [main] DEBUG Connection - ooo Using Connection [jdbc:mysql://localhost:3306/jeecg, UserName=root@localhost, MySQL Connector Java]
2016-09-06 12:15:01.424 [main] DEBUG Connection - ==>  Preparing: delete from ACT_RU_EXECUTION where ID_ = ? and REV_ = ? 
2016-09-06 12:15:01.425 [main] DEBUG PreparedStatement - ==> Parameters: 2505(String), 5(Integer)
2016-09-06 12:15:01.431 [main] DEBUG Connection - ooo Using Connection [jdbc:mysql://localhost:3306/jeecg, UserName=root@localhost, MySQL Connector Java]
2016-09-06 12:15:01.432 [main] DEBUG Connection - ==>  Preparing: select count(distinct RES.ID_) from ACT_RU_TASK RES WHERE RES.ASSIGNEE_ = ? 
2016-09-06 12:15:01.432 [main] DEBUG PreparedStatement - ==> Parameters: 李四(String)
2016-09-06 12:15:01.438 [main] DEBUG Connection - ooo Using Connection [jdbc:mysql://localhost:3306/jeecg, UserName=root@localhost, MySQL Connector Java]
2016-09-06 12:15:01.438 [main] DEBUG Connection - ==>  Preparing: select distinct RES.* , DEF.KEY_ as PROC_DEF_KEY_, DEF.NAME_ as PROC_DEF_NAME_, DEF.VERSION_ as PROC_DEF_VERSION_, DEF.DEPLOYMENT_ID_ as DEPLOYMENT_ID_ from ACT_HI_PROCINST RES left outer join ACT_RE_PROCDEF DEF on RES.PROC_DEF_ID_ = DEF.ID_ WHERE RES.PROC_INST_ID_ = ? order by RES.ID_ asc LIMIT ? OFFSET ? 
2016-09-06 12:15:01.438 [main] DEBUG PreparedStatement - ==> Parameters: 2505(String), 2147483647(Integer), 0(Integer)
